Using pre-set license
Built from '2022.3/staging' branch; Version is '2022.3.21f1 (bf09ca542b87) revision 12519882'; Using compiler version '192829333'; Build Type 'Release'
OS: 'Windows 10  (10.0.19045) 64bit Core' Language: 'en' Physical Memory: 7886 MB
BatchMode: 1, IsHumanControllingUs: 0, StartBugReporterOnCrash: 0, Is64bit: 1, IsPro: 1

COMMAND LINE ARGUMENTS:
D:\unity\2022.3.21f1\Editor\Unity.exe
-adb2
-batchMode
-noUpm
-name
AssetImportWorker0
-projectPath
D:/unity/defense-game
-logFile
Logs/AssetImportWorker0.log
-srvPort
53483
Successfully changed project path to: D:/unity/defense-game
D:/unity/defense-game
[UnityMemory] Configuration Parameters - Can be set up in boot.config
    "memorysetup-bucket-allocator-granularity=16"
    "memorysetup-bucket-allocator-bucket-count=8"
    "memorysetup-bucket-allocator-block-size=33554432"
    "memorysetup-bucket-allocator-block-count=8"
    "memorysetup-main-allocator-block-size=16777216"
    "memorysetup-thread-allocator-block-size=16777216"
    "memorysetup-gfx-main-allocator-block-size=16777216"
    "memorysetup-gfx-thread-allocator-block-size=16777216"
    "memorysetup-cache-allocator-block-size=4194304"
    "memorysetup-typetree-allocator-block-size=2097152"
    "memorysetup-profiler-bucket-allocator-granularity=16"
    "memorysetup-profiler-bucket-allocator-bucket-count=8"
    "memorysetup-profiler-bucket-allocator-block-size=33554432"
    "memorysetup-profiler-bucket-allocator-block-count=8"
    "memorysetup-profiler-allocator-block-size=16777216"
    "memorysetup-profiler-editor-allocator-block-size=1048576"
    "memorysetup-temp-allocator-size-main=16777216"
    "memorysetup-job-temp-allocator-block-size=2097152"
    "memorysetup-job-temp-allocator-block-size-background=1048576"
    "memorysetup-job-temp-allocator-reduction-small-platforms=262144"
    "memorysetup-allocator-temp-initial-block-size-main=262144"
    "memorysetup-allocator-temp-initial-block-size-worker=262144"
    "memorysetup-temp-allocator-size-background-worker=32768"
    "memorysetup-temp-allocator-size-job-worker=262144"
    "memorysetup-temp-allocator-size-preload-manager=33554432"
    "memorysetup-temp-allocator-size-nav-mesh-worker=65536"
    "memorysetup-temp-allocator-size-audio-worker=65536"
    "memorysetup-temp-allocator-size-cloud-worker=32768"
    "memorysetup-temp-allocator-size-gi-baking-worker=262144"
    "memorysetup-temp-allocator-size-gfx=262144"
Player connection [720] Host "[IP] 192.168.0.178 [Port] 0 [Flags] 2 [Guid] 4292693176 [EditorId] 4292693176 [Version] 1048832 [Id] WindowsEditor(7,DESKTOP-74D8TM3) [Debug] 1 [PackageName] WindowsEditor [ProjectName] Editor" joined multi-casting on [225.0.0.222:54997]...

Player connection [720] Host "[IP] 192.168.0.178 [Port] 0 [Flags] 2 [Guid] 4292693176 [EditorId] 4292693176 [Version] 1048832 [Id] WindowsEditor(7,DESKTOP-74D8TM3) [Debug] 1 [PackageName] WindowsEditor [ProjectName] Editor" joined alternative multi-casting on [225.0.0.222:34997]...

[Physics::Module] Initialized MultithreadedJobDispatcher with 7 workers.
Refreshing native plugins compatible for Editor in 15.13 ms, found 4 plugins.
Preloading 0 native plugins for Editor in 0.00 ms.
Initialize engine version: 2022.3.21f1 (bf09ca542b87)
[Subsystems] Discovering subsystems at path D:/unity/2022.3.21f1/Editor/Data/Resources/UnitySubsystems
[Subsystems] Discovering subsystems at path D:/unity/defense-game/Assets
GfxDevice: creating device client; threaded=0; jobified=0
Direct3D:
    Version:  Direct3D 11.0 [level 11.1]
    Renderer: Intel(R) Iris(R) Xe Graphics (ID=0x9a49)
    Vendor:   Intel
    VRAM:     3943 MB
    Driver:   27.20.100.9565
Initialize mono
Mono path[0] = 'D:/unity/2022.3.21f1/Editor/Data/Managed'
Mono path[1] = 'D:/unity/2022.3.21f1/Editor/Data/MonoBleedingEdge/lib/mono/unityjit-win32'
Mono config path = 'D:/unity/2022.3.21f1/Editor/Data/MonoBleedingEdge/etc'
Using monoOptions --debugger-agent=transport=dt_socket,embedding=1,server=y,suspend=n,address=127.0.0.1:56820
Begin MonoManager ReloadAssembly
Registering precompiled unity dll's ...
Register platform support module: D:/unity/2022.3.21f1/Editor/Data/PlaybackEngines/WebGLSupport/UnityEditor.WebGL.Extensions.dll
Register platform support module: D:/unity/2022.3.21f1/Editor/Data/PlaybackEngines/WindowsStandaloneSupport/UnityEditor.WindowsStandalone.Extensions.dll
Registered in 0.008877 seconds.
- Loaded All Assemblies, in  0.511 seconds
Native extension for WindowsStandalone target not found
Native extension for WebGL target not found
Mono: successfully reloaded assembly
- Finished resetting the current domain, in  0.374 seconds
Domain Reload Profiling: 885ms
	BeginReloadAssembly (159ms)
		ExecutionOrderSort (0ms)
		DisableScriptedObjects (0ms)
		BackupInstance (0ms)
		ReleaseScriptingObjects (0ms)
		CreateAndSetChildDomain (1ms)
	RebuildCommonClasses (53ms)
	RebuildNativeTypeToScriptingClass (18ms)
	initialDomainReloadingComplete (72ms)
	LoadAllAssembliesAndSetupDomain (207ms)
		LoadAssemblies (160ms)
		RebuildTransferFunctionScriptingTraits (0ms)
		AnalyzeDomain (203ms)
			TypeCache.Refresh (201ms)
				TypeCache.ScanAssembly (183ms)
			ScanForSourceGeneratedMonoScriptInfo (0ms)
			ResolveRequiredComponents (1ms)
	FinalizeReload (374ms)
		ReleaseScriptCaches (0ms)
		RebuildScriptCaches (0ms)
		SetupLoadedEditorAssemblies (296ms)
			LogAssemblyErrors (0ms)
			InitializePlatformSupportModulesInManaged (10ms)
			SetLoadedEditorAssemblies (7ms)
			RefreshPlugins (0ms)
			BeforeProcessingInitializeOnLoad (3ms)
			ProcessInitializeOnLoadAttributes (202ms)
			ProcessInitializeOnLoadMethodAttributes (74ms)
			AfterProcessingInitializeOnLoad (0ms)
			EditorAssembliesLoaded (0ms)
		ExecutionOrderSort2 (0ms)
		AwakeInstancesAfterBackupRestoration (0ms)
========================================================================
Worker process is ready to serve import requests
Begin MonoManager ReloadAssembly
- Loaded All Assemblies, in  0.943 seconds
Refreshing native plugins compatible for Editor in 9.53 ms, found 4 plugins.
Native extension for WindowsStandalone target not found
Native extension for WebGL target not found
Package Manager log level set to [2]
[Package Manager] Server::EnsureServerProcessIsRunning -- launch failed, reason: Unity was launched with the -noUpm command-line argument
[Package Manager] UpmClient::Send -- Unable to send message (not connected to UPM process).
[Package Manager] Cannot connect to Unity Package Manager local server
Mono: successfully reloaded assembly
- Finished resetting the current domain, in  1.185 seconds
Domain Reload Profiling: 2129ms
	BeginReloadAssembly (227ms)
		ExecutionOrderSort (0ms)
		DisableScriptedObjects (8ms)
		BackupInstance (0ms)
		ReleaseScriptingObjects (0ms)
		CreateAndSetChildDomain (28ms)
	RebuildCommonClasses (43ms)
	RebuildNativeTypeToScriptingClass (12ms)
	initialDomainReloadingComplete (57ms)
	LoadAllAssembliesAndSetupDomain (604ms)
		LoadAssemblies (503ms)
		RebuildTransferFunctionScriptingTraits (0ms)
		AnalyzeDomain (250ms)
			TypeCache.Refresh (206ms)
				TypeCache.ScanAssembly (184ms)
			ScanForSourceGeneratedMonoScriptInfo (32ms)
			ResolveRequiredComponents (9ms)
	FinalizeReload (1185ms)
		ReleaseScriptCaches (0ms)
		RebuildScriptCaches (0ms)
		SetupLoadedEditorAssemblies (862ms)
			LogAssemblyErrors (0ms)
			InitializePlatformSupportModulesInManaged (14ms)
			SetLoadedEditorAssemblies (12ms)
			RefreshPlugins (0ms)
			BeforeProcessingInitializeOnLoad (91ms)
			ProcessInitializeOnLoadAttributes (688ms)
			ProcessInitializeOnLoadMethodAttributes (53ms)
			AfterProcessingInitializeOnLoad (3ms)
			EditorAssembliesLoaded (0ms)
		ExecutionOrderSort2 (0ms)
		AwakeInstancesAfterBackupRestoration (12ms)
Launched and connected shader compiler UnityShaderCompiler.exe after 0.07 seconds
Refreshing native plugins compatible for Editor in 4.91 ms, found 4 plugins.
Preloading 0 native plugins for Editor in 0.00 ms.
Unloading 4032 Unused Serialized files (Serialized files now loaded: 0)
Unloading 64 unused Assets / (61.0 KB). Loaded Objects now: 4494.
Memory consumption went from 143.3 MB to 143.2 MB.
Total: 4.241600 ms (FindLiveObjects: 0.433800 ms CreateObjectMapping: 0.172600 ms MarkObjects: 3.432700 ms  DeleteObjects: 0.200900 ms)

AssetImportParameters requested are different than current active one (requested -> active):
  custom:container-demuxer-ogg: 62fdf1f143b41e24485cea50d1cbac27 -> 
  custom:video-decoder-ogg-theora: a1e56fd34408186e4bbccfd4996cb3dc -> 
  custom:framework-win-MediaFoundation: 216162199b28c13a410421893ffa2e32 -> 
  custom:CustomObjectIndexerAttribute: 9a22284fe3817be447336de3de66b15e -> 
  custom:container-demuxer-webm: 4f35f7cbe854078d1ac9338744f61a02 -> 
  custom:container-muxer-webm: aa71ff27fc2769a1b78a27578f13a17b -> 
  custom:video-decoder-webm-vp8: 9c59270c3fd7afecdb556c50c9e8de78 -> 
  custom:SearchIndexIgnoredProperties: e643bd26f0fe6173181afceb89e7c659 -> 
  custom:AudioImporter_EditorPlatform: d09bf68614088b80899f8185d706f6e7 -> 
  custom:video-encoder-webm-vp8: eb34c28f22e8b96e1ab97ce403110664 -> 
  custom:audio-decoder-ogg-vorbis: bf7c407c2cedff20999df2af8eb42d56 -> 
  custom:audio-encoder-webm-vorbis: bf7c407c2cedff20999df2af8eb42d56 -> 
========================================================================
Received Import Request.
  Time since last request: 55585.253943 seconds.
  path: Assets/HyD/DF game/Arts/Animation/Hero/hero1
  artifactKey: Guid(6f81d55a10e083b4eba8ed6d5445459b) Importer(815301076,1909f56bfc062723c751e8b465ee728b)
Start importing Assets/HyD/DF game/Arts/Animation/Hero/hero1 using Guid(6f81d55a10e083b4eba8ed6d5445459b) Importer(815301076,1909f56bfc062723c751e8b465ee728b)  -> (artifact id: '3dc431f354f93a03051c2650b45273fa') in 0.003190 seconds
Number of updated asset objects reloaded before import = 0
Number of asset objects unloaded after import = 0
========================================================================
Received Import Request.
  Time since last request: 869.142183 seconds.
  path: Assets/HyD/DF game/Arts/Sprites/Hero/01/Attack/Attack_08.png
  artifactKey: Guid(565006f7988397e4e99c9ab7f398b4fb) Importer(815301076,1909f56bfc062723c751e8b465ee728b)
Start importing Assets/HyD/DF game/Arts/Sprites/Hero/01/Attack/Attack_08.png using Guid(565006f7988397e4e99c9ab7f398b4fb) Importer(815301076,1909f56bfc062723c751e8b465ee728b)  -> (artifact id: '27fd7e51cc0d697497d8639b9836cad8') in 0.156898 seconds
Number of updated asset objects reloaded before import = 0
Number of asset objects unloaded after import = 3
========================================================================
Received Import Request.
  Time since last request: 0.000034 seconds.
  path: Assets/HyD/DF game/Arts/Sprites/Hero/01/Attack/Attack_18.png
  artifactKey: Guid(16da7585d9db74c4cb63249ed553713b) Importer(815301076,1909f56bfc062723c751e8b465ee728b)
Start importing Assets/HyD/DF game/Arts/Sprites/Hero/01/Attack/Attack_18.png using Guid(16da7585d9db74c4cb63249ed553713b) Importer(815301076,1909f56bfc062723c751e8b465ee728b)  -> (artifact id: '89d794d828d9879346c3a76de47f3be7') in 0.016979 seconds
Number of updated asset objects reloaded before import = 0
Number of asset objects unloaded after import = 3
========================================================================
Received Import Request.
  Time since last request: 0.000021 seconds.
  path: Assets/HyD/DF game/Arts/Sprites/Hero/01/Attack/Attack_17.png
  artifactKey: Guid(9b76ff6eff9ade146992883294b3d89e) Importer(815301076,1909f56bfc062723c751e8b465ee728b)
Start importing Assets/HyD/DF game/Arts/Sprites/Hero/01/Attack/Attack_17.png using Guid(9b76ff6eff9ade146992883294b3d89e) Importer(815301076,1909f56bfc062723c751e8b465ee728b)  -> (artifact id: '1499002ea893320f1c934fb618c34af8') in 0.013305 seconds
Number of updated asset objects reloaded before import = 0
Number of asset objects unloaded after import = 3
========================================================================
Received Import Request.
  Time since last request: 0.000033 seconds.
  path: Assets/HyD/DF game/Arts/Sprites/Hero/01/Attack/Attack_19.png
  artifactKey: Guid(98fa6c31e5f1d8144b3f28e023e5c021) Importer(815301076,1909f56bfc062723c751e8b465ee728b)
Start importing Assets/HyD/DF game/Arts/Sprites/Hero/01/Attack/Attack_19.png using Guid(98fa6c31e5f1d8144b3f28e023e5c021) Importer(815301076,1909f56bfc062723c751e8b465ee728b)  -> (artifact id: '74fc80e3e0d135ea93e5f62e2fc35c8e') in 0.013264 seconds
Number of updated asset objects reloaded before import = 0
Number of asset objects unloaded after import = 3
========================================================================
Received Import Request.
  Time since last request: 106.500716 seconds.
  path: Assets/HyD/DF game/Arts/Sprites/Hero/01/Death/Death_01.png
  artifactKey: Guid(fb6c67ffa9706404ebfef2524a508551) Importer(815301076,1909f56bfc062723c751e8b465ee728b)
Start importing Assets/HyD/DF game/Arts/Sprites/Hero/01/Death/Death_01.png using Guid(fb6c67ffa9706404ebfef2524a508551) Importer(815301076,1909f56bfc062723c751e8b465ee728b)  -> (artifact id: 'a5de40becf1e9f5e2538d955c288efb8') in 0.015522 seconds
Number of updated asset objects reloaded before import = 0
Number of asset objects unloaded after import = 3
========================================================================
Received Import Request.
  Time since last request: 0.000017 seconds.
  path: Assets/HyD/DF game/Arts/Sprites/Hero/01/Death/Death_09.png
  artifactKey: Guid(0f5f9878bc0d9ae4fa96be930284504e) Importer(815301076,1909f56bfc062723c751e8b465ee728b)
Start importing Assets/HyD/DF game/Arts/Sprites/Hero/01/Death/Death_09.png using Guid(0f5f9878bc0d9ae4fa96be930284504e) Importer(815301076,1909f56bfc062723c751e8b465ee728b)  -> (artifact id: '846d0b873cc0baa37f447f22340b2f5c') in 0.014812 seconds
Number of updated asset objects reloaded before import = 0
Number of asset objects unloaded after import = 3
========================================================================
Received Import Request.
  Time since last request: 0.000020 seconds.
  path: Assets/HyD/DF game/Arts/Sprites/Hero/01/Death/Death_18.png
  artifactKey: Guid(a62dae4dd794ea343821ca5b3643319f) Importer(815301076,1909f56bfc062723c751e8b465ee728b)
Start importing Assets/HyD/DF game/Arts/Sprites/Hero/01/Death/Death_18.png using Guid(a62dae4dd794ea343821ca5b3643319f) Importer(815301076,1909f56bfc062723c751e8b465ee728b)  -> (artifact id: '7f43f75b2841af69aaf8e98c510b77e8') in 0.013742 seconds
Number of updated asset objects reloaded before import = 0
Number of asset objects unloaded after import = 3
========================================================================
Received Import Request.
  Time since last request: 0.000019 seconds.
  path: Assets/HyD/DF game/Arts/Sprites/Hero/01/Death/Death_13.png
  artifactKey: Guid(4535686506286614981d5b204336f37f) Importer(815301076,1909f56bfc062723c751e8b465ee728b)
Start importing Assets/HyD/DF game/Arts/Sprites/Hero/01/Death/Death_13.png using Guid(4535686506286614981d5b204336f37f) Importer(815301076,1909f56bfc062723c751e8b465ee728b)  -> (artifact id: '4277f9291b44b365279dd214c540f3ec') in 0.015664 seconds
Number of updated asset objects reloaded before import = 0
Number of asset objects unloaded after import = 3
========================================================================
Received Import Request.
  Time since last request: 0.000111 seconds.
  path: Assets/HyD/DF game/Arts/Sprites/Hero/01/Death/Death_16.png
  artifactKey: Guid(b4b156783e6be4345b12cd78d5cf0b63) Importer(815301076,1909f56bfc062723c751e8b465ee728b)
Start importing Assets/HyD/DF game/Arts/Sprites/Hero/01/Death/Death_16.png using Guid(b4b156783e6be4345b12cd78d5cf0b63) Importer(815301076,1909f56bfc062723c751e8b465ee728b)  -> (artifact id: '3cd5b618e8dbf3771cbcf6bb3fcb297c') in 0.015890 seconds
Number of updated asset objects reloaded before import = 0
Number of asset objects unloaded after import = 3
========================================================================
Received Import Request.
  Time since last request: 0.000023 seconds.
  path: Assets/HyD/DF game/Arts/Sprites/Hero/01/Death/Death_05.png
  artifactKey: Guid(828aa4ddff520aa4ea64f2a42382beb6) Importer(815301076,1909f56bfc062723c751e8b465ee728b)
Start importing Assets/HyD/DF game/Arts/Sprites/Hero/01/Death/Death_05.png using Guid(828aa4ddff520aa4ea64f2a42382beb6) Importer(815301076,1909f56bfc062723c751e8b465ee728b)  -> (artifact id: '9b24dabcc4bb360a7b070cf80599f9fb') in 0.014277 seconds
Number of updated asset objects reloaded before import = 0
Number of asset objects unloaded after import = 3
========================================================================
Received Import Request.
  Time since last request: 0.000024 seconds.
  path: Assets/HyD/DF game/Arts/Sprites/Hero/01/Death/Death_03.png
  artifactKey: Guid(1d9393bb6dc5ae349b98a384de8e6708) Importer(815301076,1909f56bfc062723c751e8b465ee728b)
Start importing Assets/HyD/DF game/Arts/Sprites/Hero/01/Death/Death_03.png using Guid(1d9393bb6dc5ae349b98a384de8e6708) Importer(815301076,1909f56bfc062723c751e8b465ee728b)  -> (artifact id: '88756f8adfd49778a3d7bdce2b47c248') in 0.016390 seconds
Number of updated asset objects reloaded before import = 0
Number of asset objects unloaded after import = 3
========================================================================
Received Import Request.
  Time since last request: 87.549784 seconds.
  path: Assets/HyD/DF game/Pre/Hero
  artifactKey: Guid(5fb78376843376146b6ded7d65549366) Importer(815301076,1909f56bfc062723c751e8b465ee728b)
Start importing Assets/HyD/DF game/Pre/Hero using Guid(5fb78376843376146b6ded7d65549366) Importer(815301076,1909f56bfc062723c751e8b465ee728b)  -> (artifact id: '0fad86be1998f9811c75d47a90c33f17') in 0.001129 seconds
Number of updated asset objects reloaded before import = 0
Number of asset objects unloaded after import = 0
========================================================================
Received Import Request.
  Time since last request: 10.193266 seconds.
  path: Assets/HyD/DF game/Pre/Enemy
  artifactKey: Guid(611751267392cee47b75dc9eba2ccb68) Importer(815301076,1909f56bfc062723c751e8b465ee728b)
Start importing Assets/HyD/DF game/Pre/Enemy using Guid(611751267392cee47b75dc9eba2ccb68) Importer(815301076,1909f56bfc062723c751e8b465ee728b)  -> (artifact id: '72f397ab5501573b0b0b0e2080a957cf') in 0.000898 seconds
Number of updated asset objects reloaded before import = 0
Number of asset objects unloaded after import = 0
========================================================================
Received Import Request.
  Time since last request: 14.510829 seconds.
  path: Assets/HyD/DF game/Pre/Hero/hero1.prefab
  artifactKey: Guid(2de8eaeb5f9a74b438bb2f1d05939ea7) Importer(815301076,1909f56bfc062723c751e8b465ee728b)
Start importing Assets/HyD/DF game/Pre/Hero/hero1.prefab using Guid(2de8eaeb5f9a74b438bb2f1d05939ea7) Importer(815301076,1909f56bfc062723c751e8b465ee728b) The Animator Controller (hero1) you have used is not valid. Animations will not play
UnityEngine.StackTraceUtility:ExtractStackTrace ()
UnityEditor.EditorUtility:Internal_InstantiateRemoveAllNonAnimationComponentsSingle (UnityEngine.Object,UnityEngine.Vector3,UnityEngine.Quaternion)
UnityEditor.EditorUtility:InstantiateRemoveAllNonAnimationComponents (UnityEngine.Object,UnityEngine.Vector3,UnityEngine.Quaternion)
UnityEditor.EditorUtility:InstantiateForAnimatorPreview (UnityEngine.Object)
UnityEditor.GameObjectInspector/PreviewData:UpdateGameObject (UnityEngine.Object)
UnityEditor.GameObjectInspector/PreviewData:.ctor (UnityEngine.Object,bool)
UnityEditor.GameObjectInspector:GetPreviewData (bool)
UnityEditor.GameObjectInspector:RenderStaticPreview (string,UnityEngine.Object[],int,int)
UnityEditor.AssetPreviewUpdater:CreatePreview (UnityEngine.Object,UnityEngine.Object[],string,int,int)
UnityEditor.AssetPreviewUpdater:CreatePreviewForAsset (UnityEngine.Object,UnityEngine.Object[],string)

[C:\build\output\unity\unity\Modules\Animation\Director\AnimatorControllerPlayable.cpp line 333]

 -> (artifact id: 'e6b79975ffc53148589564d269c1ab78') in 0.074382 seconds
Number of updated asset objects reloaded before import = 0
Number of asset objects unloaded after import = 9
========================================================================
Received Import Request.
  Time since last request: 13.556982 seconds.
  path: Assets/HyD/DF game/Arts/Sprites/Hero/02/Idle
  artifactKey: Guid(638e108c586d11f4b926b8954bbd70fb) Importer(815301076,1909f56bfc062723c751e8b465ee728b)
Start importing Assets/HyD/DF game/Arts/Sprites/Hero/02/Idle using Guid(638e108c586d11f4b926b8954bbd70fb) Importer(815301076,1909f56bfc062723c751e8b465ee728b)  -> (artifact id: '138d55a66a4e5c8aaf206d19ff8967f7') in 0.000555 seconds
Number of updated asset objects reloaded before import = 0
Number of asset objects unloaded after import = 0
========================================================================
Received Import Request.
  Time since last request: 154.540166 seconds.
  path: Assets/HyD/DF game/Arts/Sprites/Hero/02/Attack/Attack_09.png
  artifactKey: Guid(ba4af8d6e96571e458dd20128a34848a) Importer(815301076,1909f56bfc062723c751e8b465ee728b)
Start importing Assets/HyD/DF game/Arts/Sprites/Hero/02/Attack/Attack_09.png using Guid(ba4af8d6e96571e458dd20128a34848a) Importer(815301076,1909f56bfc062723c751e8b465ee728b)  -> (artifact id: '4a45cdbe1ed3b7e0d49f14cec88b0c75') in 0.015414 seconds
Number of updated asset objects reloaded before import = 0
Number of asset objects unloaded after import = 3
========================================================================
Received Import Request.
  Time since last request: 0.000027 seconds.
  path: Assets/HyD/DF game/Arts/Sprites/Hero/02/Attack/Attack_14.png
  artifactKey: Guid(0054a2592c148c74b9c0d38eb9f5e9dd) Importer(815301076,1909f56bfc062723c751e8b465ee728b)
Start importing Assets/HyD/DF game/Arts/Sprites/Hero/02/Attack/Attack_14.png using Guid(0054a2592c148c74b9c0d38eb9f5e9dd) Importer(815301076,1909f56bfc062723c751e8b465ee728b)  -> (artifact id: '6ae0e947b28ef36fff8d75a14194544c') in 0.013569 seconds
Number of updated asset objects reloaded before import = 0
Number of asset objects unloaded after import = 3
========================================================================
Received Import Request.
  Time since last request: 25.287614 seconds.
  path: Assets/HyD/DF game/Arts/Sprites/Hero/02/Death/Death_00.png
  artifactKey: Guid(2443b469cd4ce8946962867ae2a63905) Importer(815301076,1909f56bfc062723c751e8b465ee728b)
Start importing Assets/HyD/DF game/Arts/Sprites/Hero/02/Death/Death_00.png using Guid(2443b469cd4ce8946962867ae2a63905) Importer(815301076,1909f56bfc062723c751e8b465ee728b)  -> (artifact id: '279e663b1cbe00499b3b5cc93ab21e3b') in 0.012513 seconds
Number of updated asset objects reloaded before import = 0
Number of asset objects unloaded after import = 3
========================================================================
Received Import Request.
  Time since last request: 0.000017 seconds.
  path: Assets/HyD/DF game/Arts/Sprites/Hero/02/Death/Death_04.png
  artifactKey: Guid(7586bdf75777c564d9ed128237ea6829) Importer(815301076,1909f56bfc062723c751e8b465ee728b)
Start importing Assets/HyD/DF game/Arts/Sprites/Hero/02/Death/Death_04.png using Guid(7586bdf75777c564d9ed128237ea6829) Importer(815301076,1909f56bfc062723c751e8b465ee728b)  -> (artifact id: '508a8f61f58da9d16e330d7e82987452') in 0.012538 seconds
Number of updated asset objects reloaded before import = 0
Number of asset objects unloaded after import = 3
========================================================================
Received Import Request.
  Time since last request: 0.000022 seconds.
  path: Assets/HyD/DF game/Arts/Sprites/Hero/02/Death/Death_14.png
  artifactKey: Guid(e78577dea63fc4b4ea779c0b466ef913) Importer(815301076,1909f56bfc062723c751e8b465ee728b)
Start importing Assets/HyD/DF game/Arts/Sprites/Hero/02/Death/Death_14.png using Guid(e78577dea63fc4b4ea779c0b466ef913) Importer(815301076,1909f56bfc062723c751e8b465ee728b)  -> (artifact id: 'b1b2a9fbf6351a675803e861a966ce84') in 0.013064 seconds
Number of updated asset objects reloaded before import = 0
Number of asset objects unloaded after import = 3
========================================================================
Received Import Request.
  Time since last request: 0.000025 seconds.
  path: Assets/HyD/DF game/Arts/Sprites/Hero/02/Death/Death_22.png
  artifactKey: Guid(8d2e320dfb685d341afde82b54ee2a3d) Importer(815301076,1909f56bfc062723c751e8b465ee728b)
Start importing Assets/HyD/DF game/Arts/Sprites/Hero/02/Death/Death_22.png using Guid(8d2e320dfb685d341afde82b54ee2a3d) Importer(815301076,1909f56bfc062723c751e8b465ee728b)  -> (artifact id: '3e6a60fcf5a8e69dc222c5c25f2cfdf9') in 0.012750 seconds
Number of updated asset objects reloaded before import = 0
Number of asset objects unloaded after import = 3
========================================================================
Received Import Request.
  Time since last request: 0.000017 seconds.
  path: Assets/HyD/DF game/Arts/Sprites/Hero/02/Death/Death_25.png
  artifactKey: Guid(68edc7ee776486148a81820c87d3144e) Importer(815301076,1909f56bfc062723c751e8b465ee728b)
Start importing Assets/HyD/DF game/Arts/Sprites/Hero/02/Death/Death_25.png using Guid(68edc7ee776486148a81820c87d3144e) Importer(815301076,1909f56bfc062723c751e8b465ee728b)  -> (artifact id: 'f64641eeb9c785d01b83842cc22ccb80') in 0.014629 seconds
Number of updated asset objects reloaded before import = 0
Number of asset objects unloaded after import = 3
========================================================================
Received Import Request.
  Time since last request: 0.000022 seconds.
  path: Assets/HyD/DF game/Arts/Sprites/Hero/02/Death/Death_03.png
  artifactKey: Guid(6edb519d2e82a3141bcd48f5224f9572) Importer(815301076,1909f56bfc062723c751e8b465ee728b)
Start importing Assets/HyD/DF game/Arts/Sprites/Hero/02/Death/Death_03.png using Guid(6edb519d2e82a3141bcd48f5224f9572) Importer(815301076,1909f56bfc062723c751e8b465ee728b)  -> (artifact id: '4a3815931f4759cf8732dfde935b5baf') in 0.013627 seconds
Number of updated asset objects reloaded before import = 0
Number of asset objects unloaded after import = 3
========================================================================
Received Import Request.
  Time since last request: 0.000032 seconds.
  path: Assets/HyD/DF game/Arts/Sprites/Hero/02/Death/Death_06.png
  artifactKey: Guid(66361381169f8fb4d94bfee4271f4c34) Importer(815301076,1909f56bfc062723c751e8b465ee728b)
Start importing Assets/HyD/DF game/Arts/Sprites/Hero/02/Death/Death_06.png using Guid(66361381169f8fb4d94bfee4271f4c34) Importer(815301076,1909f56bfc062723c751e8b465ee728b)  -> (artifact id: '0408e45f52c375ba584b9ad949b07081') in 0.013122 seconds
Number of updated asset objects reloaded before import = 0
Number of asset objects unloaded after import = 3
========================================================================
Received Import Request.
  Time since last request: 0.000025 seconds.
  path: Assets/HyD/DF game/Arts/Sprites/Hero/02/Death/Death_17.png
  artifactKey: Guid(a46cbb0cab274ed448bdef06eff4bd27) Importer(815301076,1909f56bfc062723c751e8b465ee728b)
Start importing Assets/HyD/DF game/Arts/Sprites/Hero/02/Death/Death_17.png using Guid(a46cbb0cab274ed448bdef06eff4bd27) Importer(815301076,1909f56bfc062723c751e8b465ee728b)  -> (artifact id: '05faeb4c581869d8f5bacb56b5d8467f') in 0.013794 seconds
Number of updated asset objects reloaded before import = 0
Number of asset objects unloaded after import = 3
========================================================================
Received Import Request.
  Time since last request: 0.000020 seconds.
  path: Assets/HyD/DF game/Arts/Sprites/Hero/02/Death/Death_15.png
  artifactKey: Guid(346eb10e3301c64449b80a25755d9467) Importer(815301076,1909f56bfc062723c751e8b465ee728b)
Start importing Assets/HyD/DF game/Arts/Sprites/Hero/02/Death/Death_15.png using Guid(346eb10e3301c64449b80a25755d9467) Importer(815301076,1909f56bfc062723c751e8b465ee728b)  -> (artifact id: '62cc87a4e11125f4b6c79b6c49cfc98a') in 0.012652 seconds
Number of updated asset objects reloaded before import = 0
Number of asset objects unloaded after import = 3
========================================================================
Received Import Request.
  Time since last request: 0.000027 seconds.
  path: Assets/HyD/DF game/Arts/Sprites/Hero/02/Death/Death_09.png
  artifactKey: Guid(17830c69c5519d04fa151d340f6f2eee) Importer(815301076,1909f56bfc062723c751e8b465ee728b)
Start importing Assets/HyD/DF game/Arts/Sprites/Hero/02/Death/Death_09.png using Guid(17830c69c5519d04fa151d340f6f2eee) Importer(815301076,1909f56bfc062723c751e8b465ee728b)  -> (artifact id: 'c80f53651805c020c001189a1b6f41e2') in 0.012938 seconds
Number of updated asset objects reloaded before import = 0
Number of asset objects unloaded after import = 3
========================================================================
Received Import Request.
  Time since last request: 0.000015 seconds.
  path: Assets/HyD/DF game/Arts/Sprites/Hero/02/Death/Death_08.png
  artifactKey: Guid(c6fdac2e3a6e4964c96d866dcc731b35) Importer(815301076,1909f56bfc062723c751e8b465ee728b)
Start importing Assets/HyD/DF game/Arts/Sprites/Hero/02/Death/Death_08.png using Guid(c6fdac2e3a6e4964c96d866dcc731b35) Importer(815301076,1909f56bfc062723c751e8b465ee728b)  -> (artifact id: 'e718171e1b3104a5fa8d2d7bb960c71e') in 0.012673 seconds
Number of updated asset objects reloaded before import = 0
Number of asset objects unloaded after import = 3
========================================================================
Received Import Request.
  Time since last request: 0.000025 seconds.
  path: Assets/HyD/DF game/Arts/Sprites/Hero/02/Death/Death_16.png
  artifactKey: Guid(4b7dc884ce10cdb4fbac596836d51e43) Importer(815301076,1909f56bfc062723c751e8b465ee728b)
Start importing Assets/HyD/DF game/Arts/Sprites/Hero/02/Death/Death_16.png using Guid(4b7dc884ce10cdb4fbac596836d51e43) Importer(815301076,1909f56bfc062723c751e8b465ee728b)  -> (artifact id: 'bcd1df80ecd293b23e42e8901198627b') in 0.013143 seconds
Number of updated asset objects reloaded before import = 0
Number of asset objects unloaded after import = 3
========================================================================
Received Import Request.
  Time since last request: 66.704234 seconds.
  path: Assets/HyD/DF game/Pre/Hero/Hero02.prefab
  artifactKey: Guid(cad4ff3bbdc5d374c901d5001cbd56a0) Importer(815301076,1909f56bfc062723c751e8b465ee728b)
Start importing Assets/HyD/DF game/Pre/Hero/Hero02.prefab using Guid(cad4ff3bbdc5d374c901d5001cbd56a0) Importer(815301076,1909f56bfc062723c751e8b465ee728b) The Animator Controller (Hero02) you have used is not valid. Animations will not play
UnityEngine.StackTraceUtility:ExtractStackTrace ()
UnityEditor.EditorUtility:Internal_InstantiateRemoveAllNonAnimationComponentsSingle (UnityEngine.Object,UnityEngine.Vector3,UnityEngine.Quaternion)
UnityEditor.EditorUtility:InstantiateRemoveAllNonAnimationComponents (UnityEngine.Object,UnityEngine.Vector3,UnityEngine.Quaternion)
UnityEditor.EditorUtility:InstantiateForAnimatorPreview (UnityEngine.Object)
UnityEditor.GameObjectInspector/PreviewData:UpdateGameObject (UnityEngine.Object)
UnityEditor.GameObjectInspector/PreviewData:.ctor (UnityEngine.Object,bool)
UnityEditor.GameObjectInspector:GetPreviewData (bool)
UnityEditor.GameObjectInspector:RenderStaticPreview (string,UnityEngine.Object[],int,int)
UnityEditor.AssetPreviewUpdater:CreatePreview (UnityEngine.Object,UnityEngine.Object[],string,int,int)
UnityEditor.AssetPreviewUpdater:CreatePreviewForAsset (UnityEngine.Object,UnityEngine.Object[],string)

[C:\build\output\unity\unity\Modules\Animation\Director\AnimatorControllerPlayable.cpp line 333]

 -> (artifact id: 'f79242b810f980159a3357ee87aca3d4') in 0.009666 seconds
Number of updated asset objects reloaded before import = 0
Number of asset objects unloaded after import = 9
========================================================================
Received Import Request.
  Time since last request: 8.644108 seconds.
  path: Assets/HyD/DF game/Arts/Sprites/Hero/03/Idle
  artifactKey: Guid(a1a3bd248a71c2648a093ab6dbcf7fdf) Importer(815301076,1909f56bfc062723c751e8b465ee728b)
Start importing Assets/HyD/DF game/Arts/Sprites/Hero/03/Idle using Guid(a1a3bd248a71c2648a093ab6dbcf7fdf) Importer(815301076,1909f56bfc062723c751e8b465ee728b)  -> (artifact id: '2554a97b941bce91e812d814920a1cd0') in 0.000586 seconds
Number of updated asset objects reloaded before import = 0
Number of asset objects unloaded after import = 0
========================================================================
Received Import Request.
  Time since last request: 68.153075 seconds.
  path: Assets/HyD/DF game/Arts/Sprites/Hero/03/Attack/Attack_11.png
  artifactKey: Guid(dfe6884f98f5cf24fa4136b72da1646f) Importer(815301076,1909f56bfc062723c751e8b465ee728b)
Start importing Assets/HyD/DF game/Arts/Sprites/Hero/03/Attack/Attack_11.png using Guid(dfe6884f98f5cf24fa4136b72da1646f) Importer(815301076,1909f56bfc062723c751e8b465ee728b)  -> (artifact id: '05cf4a06f12f5e1220d2b2bce52d39bf') in 0.013435 seconds
Number of updated asset objects reloaded before import = 0
Number of asset objects unloaded after import = 3
========================================================================
Received Import Request.
  Time since last request: 0.000025 seconds.
  path: Assets/HyD/DF game/Arts/Sprites/Hero/03/Attack/Attack_17.png
  artifactKey: Guid(c50484d3d9b7c9b419fee8c917d4c6af) Importer(815301076,1909f56bfc062723c751e8b465ee728b)
Start importing Assets/HyD/DF game/Arts/Sprites/Hero/03/Attack/Attack_17.png using Guid(c50484d3d9b7c9b419fee8c917d4c6af) Importer(815301076,1909f56bfc062723c751e8b465ee728b)  -> (artifact id: '3d9180510d320d4787323b5333843003') in 0.013062 seconds
Number of updated asset objects reloaded before import = 0
Number of asset objects unloaded after import = 3
========================================================================
Received Import Request.
  Time since last request: 0.000023 seconds.
  path: Assets/HyD/DF game/Arts/Sprites/Hero/03/Attack/Attack_28.png
  artifactKey: Guid(e8f4904bca8edac42b1e275859330303) Importer(815301076,1909f56bfc062723c751e8b465ee728b)
Start importing Assets/HyD/DF game/Arts/Sprites/Hero/03/Attack/Attack_28.png using Guid(e8f4904bca8edac42b1e275859330303) Importer(815301076,1909f56bfc062723c751e8b465ee728b)  -> (artifact id: '1bb6e47f3ed1668d64c2fdbe7b049ec3') in 0.012915 seconds
Number of updated asset objects reloaded before import = 0
Number of asset objects unloaded after import = 3
========================================================================
Received Import Request.
  Time since last request: 0.000017 seconds.
  path: Assets/HyD/DF game/Arts/Sprites/Hero/03/Attack/Attack_29.png
  artifactKey: Guid(ccbeb7035959b67479c9d5760495aa36) Importer(815301076,1909f56bfc062723c751e8b465ee728b)
Start importing Assets/HyD/DF game/Arts/Sprites/Hero/03/Attack/Attack_29.png using Guid(ccbeb7035959b67479c9d5760495aa36) Importer(815301076,1909f56bfc062723c751e8b465ee728b)  -> (artifact id: 'f35f1a02bce96d0747940232ff4bc833') in 0.013543 seconds
Number of updated asset objects reloaded before import = 0
Number of asset objects unloaded after import = 3
========================================================================
Received Import Request.
  Time since last request: 0.000034 seconds.
  path: Assets/HyD/DF game/Arts/Sprites/Hero/03/Attack/Attack_19.png
  artifactKey: Guid(8debd8a7711d78c46ad39440b5584692) Importer(815301076,1909f56bfc062723c751e8b465ee728b)
Start importing Assets/HyD/DF game/Arts/Sprites/Hero/03/Attack/Attack_19.png using Guid(8debd8a7711d78c46ad39440b5584692) Importer(815301076,1909f56bfc062723c751e8b465ee728b)  -> (artifact id: '2d4ab179e6e0fb8a818ca74dccc7d709') in 0.013253 seconds
Number of updated asset objects reloaded before import = 0
Number of asset objects unloaded after import = 3
========================================================================
Received Import Request.
  Time since last request: 0.000026 seconds.
  path: Assets/HyD/DF game/Arts/Sprites/Hero/03/Attack/Attack_20.png
  artifactKey: Guid(dcef8a10e05432849adfa2b14f4da7af) Importer(815301076,1909f56bfc062723c751e8b465ee728b)
Start importing Assets/HyD/DF game/Arts/Sprites/Hero/03/Attack/Attack_20.png using Guid(dcef8a10e05432849adfa2b14f4da7af) Importer(815301076,1909f56bfc062723c751e8b465ee728b)  -> (artifact id: '0aa8bd48e900940a882f4e87889101a3') in 0.018977 seconds
Number of updated asset objects reloaded before import = 0
Number of asset objects unloaded after import = 3
========================================================================
Received Import Request.
  Time since last request: 30.354483 seconds.
  path: Assets/HyD/DF game/Arts/Sprites/Hero/03/Death/Death_01.png
  artifactKey: Guid(ffb29dd4435b5834f81a12099e97c655) Importer(815301076,1909f56bfc062723c751e8b465ee728b)
Start importing Assets/HyD/DF game/Arts/Sprites/Hero/03/Death/Death_01.png using Guid(ffb29dd4435b5834f81a12099e97c655) Importer(815301076,1909f56bfc062723c751e8b465ee728b)  -> (artifact id: '4008223124b758ca2d1e7e3acbee3c15') in 0.011190 seconds
Number of updated asset objects reloaded before import = 0
Number of asset objects unloaded after import = 3
========================================================================
Received Import Request.
  Time since last request: 0.000021 seconds.
  path: Assets/HyD/DF game/Arts/Sprites/Hero/03/Death/Death_09.png
  artifactKey: Guid(9038084d95f7a6042bd8d3abea0b4810) Importer(815301076,1909f56bfc062723c751e8b465ee728b)
Start importing Assets/HyD/DF game/Arts/Sprites/Hero/03/Death/Death_09.png using Guid(9038084d95f7a6042bd8d3abea0b4810) Importer(815301076,1909f56bfc062723c751e8b465ee728b)  -> (artifact id: 'e5e423118221ab114830fe25ddb3cc15') in 0.011763 seconds
Number of updated asset objects reloaded before import = 0
Number of asset objects unloaded after import = 3
========================================================================
Received Import Request.
  Time since last request: 0.000021 seconds.
  path: Assets/HyD/DF game/Arts/Sprites/Hero/03/Death/Death_15.png
  artifactKey: Guid(0f2e5a07c8293a64eb0c0ea51636018b) Importer(815301076,1909f56bfc062723c751e8b465ee728b)
Start importing Assets/HyD/DF game/Arts/Sprites/Hero/03/Death/Death_15.png using Guid(0f2e5a07c8293a64eb0c0ea51636018b) Importer(815301076,1909f56bfc062723c751e8b465ee728b)  -> (artifact id: '0c3e2b83f63730e23095e8f4aa705a68') in 0.011712 seconds
Number of updated asset objects reloaded before import = 0
Number of asset objects unloaded after import = 3
========================================================================
Received Import Request.
  Time since last request: 0.000022 seconds.
  path: Assets/HyD/DF game/Arts/Sprites/Hero/03/Death/Death_22.png
  artifactKey: Guid(a98db52e1c651c64288ed81c9a6d7b9b) Importer(815301076,1909f56bfc062723c751e8b465ee728b)
Start importing Assets/HyD/DF game/Arts/Sprites/Hero/03/Death/Death_22.png using Guid(a98db52e1c651c64288ed81c9a6d7b9b) Importer(815301076,1909f56bfc062723c751e8b465ee728b)  -> (artifact id: 'e445af5d136d118f359951e80b0bd507') in 0.011317 seconds
Number of updated asset objects reloaded before import = 0
Number of asset objects unloaded after import = 3
========================================================================
Received Import Request.
  Time since last request: 0.000041 seconds.
  path: Assets/HyD/DF game/Arts/Sprites/Hero/03/Death/Death_36.png
  artifactKey: Guid(f9ce8271652d9b24db0168c97de9907e) Importer(815301076,1909f56bfc062723c751e8b465ee728b)
Start importing Assets/HyD/DF game/Arts/Sprites/Hero/03/Death/Death_36.png using Guid(f9ce8271652d9b24db0168c97de9907e) Importer(815301076,1909f56bfc062723c751e8b465ee728b)  -> (artifact id: '8b79f3bd9e7480a427cc86e94653f804') in 0.012599 seconds
Number of updated asset objects reloaded before import = 0
Number of asset objects unloaded after import = 3
========================================================================
Received Import Request.
  Time since last request: 0.000019 seconds.
  path: Assets/HyD/DF game/Arts/Sprites/Hero/03/Death/Death_38.png
  artifactKey: Guid(16fbc4e408f756246aeb2b5a98be57b8) Importer(815301076,1909f56bfc062723c751e8b465ee728b)
Start importing Assets/HyD/DF game/Arts/Sprites/Hero/03/Death/Death_38.png using Guid(16fbc4e408f756246aeb2b5a98be57b8) Importer(815301076,1909f56bfc062723c751e8b465ee728b)  -> (artifact id: 'cfcf9170a938c89b4de5cb4aa4ea8d60') in 0.012430 seconds
Number of updated asset objects reloaded before import = 0
Number of asset objects unloaded after import = 3
========================================================================
Received Import Request.
  Time since last request: 0.000035 seconds.
  path: Assets/HyD/DF game/Arts/Sprites/Hero/03/Death/Death_26.png
  artifactKey: Guid(bf9680f53576b4847be42de2948dda53) Importer(815301076,1909f56bfc062723c751e8b465ee728b)
Start importing Assets/HyD/DF game/Arts/Sprites/Hero/03/Death/Death_26.png using Guid(bf9680f53576b4847be42de2948dda53) Importer(815301076,1909f56bfc062723c751e8b465ee728b)  -> (artifact id: '1f7ff7520c59830f94a912e8ec0cb47c') in 0.011117 seconds
Number of updated asset objects reloaded before import = 0
Number of asset objects unloaded after import = 3
========================================================================
Received Import Request.
  Time since last request: 0.000016 seconds.
  path: Assets/HyD/DF game/Arts/Sprites/Hero/03/Death/Death_27.png
  artifactKey: Guid(6215394b8b1ce7143b8ebc17cdeed3a6) Importer(815301076,1909f56bfc062723c751e8b465ee728b)
Start importing Assets/HyD/DF game/Arts/Sprites/Hero/03/Death/Death_27.png using Guid(6215394b8b1ce7143b8ebc17cdeed3a6) Importer(815301076,1909f56bfc062723c751e8b465ee728b)  -> (artifact id: '9c695a0624966f87b1ccd7c9d4ca6229') in 0.012484 seconds
Number of updated asset objects reloaded before import = 0
Number of asset objects unloaded after import = 3
========================================================================
Received Import Request.
  Time since last request: 0.000019 seconds.
  path: Assets/HyD/DF game/Arts/Sprites/Hero/03/Death/Death_25.png
  artifactKey: Guid(159feea939f53a545a49db21b4fc47ac) Importer(815301076,1909f56bfc062723c751e8b465ee728b)
Start importing Assets/HyD/DF game/Arts/Sprites/Hero/03/Death/Death_25.png using Guid(159feea939f53a545a49db21b4fc47ac) Importer(815301076,1909f56bfc062723c751e8b465ee728b)  -> (artifact id: '9e71e9edecf7313cdbfd8ba6ec5bca62') in 0.011697 seconds
Number of updated asset objects reloaded before import = 0
Number of asset objects unloaded after import = 3
========================================================================
Received Import Request.
  Time since last request: 0.000019 seconds.
  path: Assets/HyD/DF game/Arts/Sprites/Hero/03/Death/Death_07.png
  artifactKey: Guid(f6c472c6e54e48b418ebead13c3f653c) Importer(815301076,1909f56bfc062723c751e8b465ee728b)
Start importing Assets/HyD/DF game/Arts/Sprites/Hero/03/Death/Death_07.png using Guid(f6c472c6e54e48b418ebead13c3f653c) Importer(815301076,1909f56bfc062723c751e8b465ee728b)  -> (artifact id: '7d13ee3fa6283200f5339b043e8c789f') in 0.011599 seconds
Number of updated asset objects reloaded before import = 0
Number of asset objects unloaded after import = 3
========================================================================
Received Import Request.
  Time since last request: 0.000021 seconds.
  path: Assets/HyD/DF game/Arts/Sprites/Hero/03/Death/Death_39.png
  artifactKey: Guid(e39d5bf6422c11e47bfa341e3d33b977) Importer(815301076,1909f56bfc062723c751e8b465ee728b)
Start importing Assets/HyD/DF game/Arts/Sprites/Hero/03/Death/Death_39.png using Guid(e39d5bf6422c11e47bfa341e3d33b977) Importer(815301076,1909f56bfc062723c751e8b465ee728b)  -> (artifact id: '46ec0aa006a782036455b1fda4b98e9a') in 0.012762 seconds
Number of updated asset objects reloaded before import = 0
Number of asset objects unloaded after import = 3
========================================================================
Received Import Request.
  Time since last request: 0.000019 seconds.
  path: Assets/HyD/DF game/Arts/Sprites/Hero/03/Death/Death_23.png
  artifactKey: Guid(fabef9b194dac2d40a68533ae9d068a1) Importer(815301076,1909f56bfc062723c751e8b465ee728b)
Start importing Assets/HyD/DF game/Arts/Sprites/Hero/03/Death/Death_23.png using Guid(fabef9b194dac2d40a68533ae9d068a1) Importer(815301076,1909f56bfc062723c751e8b465ee728b)  -> (artifact id: '188b06e6a7a7d22dbc9e47c16b5854cf') in 0.011436 seconds
Number of updated asset objects reloaded before import = 0
Number of asset objects unloaded after import = 3
========================================================================
Received Import Request.
  Time since last request: 0.000018 seconds.
  path: Assets/HyD/DF game/Arts/Sprites/Hero/03/Death/Death_05.png
  artifactKey: Guid(d474ab07b9052b44b872840c45604791) Importer(815301076,1909f56bfc062723c751e8b465ee728b)
Start importing Assets/HyD/DF game/Arts/Sprites/Hero/03/Death/Death_05.png using Guid(d474ab07b9052b44b872840c45604791) Importer(815301076,1909f56bfc062723c751e8b465ee728b)  -> (artifact id: 'd83349d0d4aca612fb0c849a46b00a68') in 0.011586 seconds
Number of updated asset objects reloaded before import = 0
Number of asset objects unloaded after import = 3
========================================================================
Received Import Request.
  Time since last request: 0.000021 seconds.
  path: Assets/HyD/DF game/Arts/Sprites/Hero/03/Death/Death_03.png
  artifactKey: Guid(96e867b41cb8854488075eb9e2d4fa58) Importer(815301076,1909f56bfc062723c751e8b465ee728b)
Start importing Assets/HyD/DF game/Arts/Sprites/Hero/03/Death/Death_03.png using Guid(96e867b41cb8854488075eb9e2d4fa58) Importer(815301076,1909f56bfc062723c751e8b465ee728b)  -> (artifact id: '7e5ad54f3a17d29f5fc7c98ee236bd4d') in 0.011891 seconds
Number of updated asset objects reloaded before import = 0
Number of asset objects unloaded after import = 3
========================================================================
Received Import Request.
  Time since last request: 0.000021 seconds.
  path: Assets/HyD/DF game/Arts/Sprites/Hero/03/Death/Death_18.png
  artifactKey: Guid(4bd7814b89e431c449ac23eb5dc4b01b) Importer(815301076,1909f56bfc062723c751e8b465ee728b)
Start importing Assets/HyD/DF game/Arts/Sprites/Hero/03/Death/Death_18.png using Guid(4bd7814b89e431c449ac23eb5dc4b01b) Importer(815301076,1909f56bfc062723c751e8b465ee728b)  -> (artifact id: '7626b00b1e8c4004824ac8b5f40a9f8b') in 0.011091 seconds
Number of updated asset objects reloaded before import = 0
Number of asset objects unloaded after import = 3
========================================================================
Received Import Request.
  Time since last request: 2.435128 seconds.
  path: Assets/HyD/DF game/Arts/Sprites/Hero/03/Death/Death_40.png
  artifactKey: Guid(35346ac0fc30dd9449cb3de2d4b7eae1) Importer(815301076,1909f56bfc062723c751e8b465ee728b)
Start importing Assets/HyD/DF game/Arts/Sprites/Hero/03/Death/Death_40.png using Guid(35346ac0fc30dd9449cb3de2d4b7eae1) Importer(815301076,1909f56bfc062723c751e8b465ee728b)  -> (artifact id: 'a9361bab2668701b41760b7920ab5d6f') in 0.013260 seconds
Number of updated asset objects reloaded before import = 0
Number of asset objects unloaded after import = 3
========================================================================
Received Import Request.
  Time since last request: 0.065366 seconds.
  path: Assets/HyD/DF game/Arts/Sprites/Hero/03/Death/Death_43.png
  artifactKey: Guid(4fd3b42e50483ff42bac1b4fbe267b46) Importer(815301076,1909f56bfc062723c751e8b465ee728b)
Start importing Assets/HyD/DF game/Arts/Sprites/Hero/03/Death/Death_43.png using Guid(4fd3b42e50483ff42bac1b4fbe267b46) Importer(815301076,1909f56bfc062723c751e8b465ee728b)  -> (artifact id: 'ca6e42363349b989f8dd22c7b3cbdf64') in 0.010571 seconds
Number of updated asset objects reloaded before import = 0
Number of asset objects unloaded after import = 3
========================================================================
Received Import Request.
  Time since last request: 27.228350 seconds.
  path: Assets/HyD/DF game/Pre/Hero/hero3.prefab
  artifactKey: Guid(747e077e1edd2fb4f871a106b87d2c56) Importer(815301076,1909f56bfc062723c751e8b465ee728b)
Start importing Assets/HyD/DF game/Pre/Hero/hero3.prefab using Guid(747e077e1edd2fb4f871a106b87d2c56) Importer(815301076,1909f56bfc062723c751e8b465ee728b) The Animator Controller (hero3) you have used is not valid. Animations will not play
UnityEngine.StackTraceUtility:ExtractStackTrace ()
UnityEditor.EditorUtility:Internal_InstantiateRemoveAllNonAnimationComponentsSingle (UnityEngine.Object,UnityEngine.Vector3,UnityEngine.Quaternion)
UnityEditor.EditorUtility:InstantiateRemoveAllNonAnimationComponents (UnityEngine.Object,UnityEngine.Vector3,UnityEngine.Quaternion)
UnityEditor.EditorUtility:InstantiateForAnimatorPreview (UnityEngine.Object)
UnityEditor.GameObjectInspector/PreviewData:UpdateGameObject (UnityEngine.Object)
UnityEditor.GameObjectInspector/PreviewData:.ctor (UnityEngine.Object,bool)
UnityEditor.GameObjectInspector:GetPreviewData (bool)
UnityEditor.GameObjectInspector:RenderStaticPreview (string,UnityEngine.Object[],int,int)
UnityEditor.AssetPreviewUpdater:CreatePreview (UnityEngine.Object,UnityEngine.Object[],string,int,int)
UnityEditor.AssetPreviewUpdater:CreatePreviewForAsset (UnityEngine.Object,UnityEngine.Object[],string)

[C:\build\output\unity\unity\Modules\Animation\Director\AnimatorControllerPlayable.cpp line 333]

 -> (artifact id: '37d6a6a69c4d65f1405be3bded8e2348') in 0.008545 seconds
Number of updated asset objects reloaded before import = 0
Number of asset objects unloaded after import = 9
========================================================================
Received Import Request.
  Time since last request: 337.879878 seconds.
  path: Assets/HyD/DF game/Arts/Sprites/Enemy/01
  artifactKey: Guid(23100a5e761b5ce46aa10899d89ba13a) Importer(815301076,1909f56bfc062723c751e8b465ee728b)
Start importing Assets/HyD/DF game/Arts/Sprites/Enemy/01 using Guid(23100a5e761b5ce46aa10899d89ba13a) Importer(815301076,1909f56bfc062723c751e8b465ee728b)  -> (artifact id: '25be28c59655dfe366cc18962a02fe15') in 0.000914 seconds
Number of updated asset objects reloaded before import = 0
Number of asset objects unloaded after import = 0
========================================================================
Received Import Request.
  Time since last request: 2.141200 seconds.
  path: Assets/HyD/DF game/Arts/Sprites/Enemy/01/Walk
  artifactKey: Guid(d758c59cda422304e89c1a63a1b2de80) Importer(815301076,1909f56bfc062723c751e8b465ee728b)
Start importing Assets/HyD/DF game/Arts/Sprites/Enemy/01/Walk using Guid(d758c59cda422304e89c1a63a1b2de80) Importer(815301076,1909f56bfc062723c751e8b465ee728b)  -> (artifact id: '81085aae3121d8b06b66fd6538a94b44') in 0.000615 seconds
Number of updated asset objects reloaded before import = 0
Number of asset objects unloaded after import = 0
========================================================================
Received Import Request.
  Time since last request: 21.618427 seconds.
  path: Assets/HyD/DF game/Arts/Sprites/Enemy/03/Walk
  artifactKey: Guid(bcd3f8d8760c3d045bc3713346b0717c) Importer(815301076,1909f56bfc062723c751e8b465ee728b)
Start importing Assets/HyD/DF game/Arts/Sprites/Enemy/03/Walk using Guid(bcd3f8d8760c3d045bc3713346b0717c) Importer(815301076,1909f56bfc062723c751e8b465ee728b)  -> (artifact id: 'c780329de77c2670224d367a8da401b8') in 0.000644 seconds
Number of updated asset objects reloaded before import = 0
Number of asset objects unloaded after import = 0
========================================================================
Received Import Request.
  Time since last request: 89.316763 seconds.
  path: Assets/HyD/DF game/Arts/Sprites/Enemy/03/Attack/Attack_27.png
  artifactKey: Guid(3f0be34fa18b03943a27019000c311e4) Importer(815301076,1909f56bfc062723c751e8b465ee728b)
Start importing Assets/HyD/DF game/Arts/Sprites/Enemy/03/Attack/Attack_27.png using Guid(3f0be34fa18b03943a27019000c311e4) Importer(815301076,1909f56bfc062723c751e8b465ee728b)  -> (artifact id: '1f90b587892a8ce6a7c8de1f225a481b') in 0.016268 seconds
Number of updated asset objects reloaded before import = 0
Number of asset objects unloaded after import = 3
========================================================================
Received Import Request.
  Time since last request: 0.000031 seconds.
  path: Assets/HyD/DF game/Arts/Sprites/Enemy/03/Attack/Attack_33.png
  artifactKey: Guid(59a332cf6edae9b4f9113f7febd27743) Importer(815301076,1909f56bfc062723c751e8b465ee728b)
Start importing Assets/HyD/DF game/Arts/Sprites/Enemy/03/Attack/Attack_33.png using Guid(59a332cf6edae9b4f9113f7febd27743) Importer(815301076,1909f56bfc062723c751e8b465ee728b)  -> (artifact id: 'f7980a2284faa1b9b3b3d63c09286823') in 0.013180 seconds
Number of updated asset objects reloaded before import = 0
Number of asset objects unloaded after import = 3
========================================================================
Received Import Request.
  Time since last request: 0.000022 seconds.
  path: Assets/HyD/DF game/Arts/Sprites/Enemy/03/Attack/Attack_34.png
  artifactKey: Guid(e5a00cbea0db590448b1fb4629ebdce3) Importer(815301076,1909f56bfc062723c751e8b465ee728b)
Start importing Assets/HyD/DF game/Arts/Sprites/Enemy/03/Attack/Attack_34.png using Guid(e5a00cbea0db590448b1fb4629ebdce3) Importer(815301076,1909f56bfc062723c751e8b465ee728b)  -> (artifact id: '6e369b0f6b5ad4fce8f7117d4dd0a515') in 0.011301 seconds
Number of updated asset objects reloaded before import = 0
Number of asset objects unloaded after import = 3
========================================================================
Received Import Request.
  Time since last request: 0.000018 seconds.
  path: Assets/HyD/DF game/Arts/Sprites/Enemy/03/Attack/Attack_31.png
  artifactKey: Guid(5af6041c8d14df9458b548d3c4b8c053) Importer(815301076,1909f56bfc062723c751e8b465ee728b)
Start importing Assets/HyD/DF game/Arts/Sprites/Enemy/03/Attack/Attack_31.png using Guid(5af6041c8d14df9458b548d3c4b8c053) Importer(815301076,1909f56bfc062723c751e8b465ee728b)  -> (artifact id: 'fa6bf7869d8a274be58372df905ea42a') in 0.013987 seconds
Number of updated asset objects reloaded before import = 0
Number of asset objects unloaded after import = 3
========================================================================
Received Import Request.
  Time since last request: 36.623072 seconds.
  path: Assets/HyD/DF game/Arts/Sprites/Enemy/03/Death/Death_01.png
  artifactKey: Guid(3aa1fa96fe3aed443aaccb8d837e7daf) Importer(815301076,1909f56bfc062723c751e8b465ee728b)
Start importing Assets/HyD/DF game/Arts/Sprites/Enemy/03/Death/Death_01.png using Guid(3aa1fa96fe3aed443aaccb8d837e7daf) Importer(815301076,1909f56bfc062723c751e8b465ee728b)  -> (artifact id: 'd6c8b7508e9f35d559ff25d07a7db8f0') in 0.011795 seconds
Number of updated asset objects reloaded before import = 0
Number of asset objects unloaded after import = 3
========================================================================
Received Import Request.
  Time since last request: 0.000021 seconds.
  path: Assets/HyD/DF game/Arts/Sprites/Enemy/03/Death/Death_06.png
  artifactKey: Guid(a1ea993794418ae4285e4d81d8081518) Importer(815301076,1909f56bfc062723c751e8b465ee728b)
Start importing Assets/HyD/DF game/Arts/Sprites/Enemy/03/Death/Death_06.png using Guid(a1ea993794418ae4285e4d81d8081518) Importer(815301076,1909f56bfc062723c751e8b465ee728b)  -> (artifact id: 'be707977e193cf9873abc6e16778453a') in 0.012192 seconds
Number of updated asset objects reloaded before import = 0
Number of asset objects unloaded after import = 3
========================================================================
Received Import Request.
  Time since last request: 0.000017 seconds.
  path: Assets/HyD/DF game/Arts/Sprites/Enemy/03/Death/Death_14.png
  artifactKey: Guid(22091941de013b548820e07ae1d63423) Importer(815301076,1909f56bfc062723c751e8b465ee728b)
Start importing Assets/HyD/DF game/Arts/Sprites/Enemy/03/Death/Death_14.png using Guid(22091941de013b548820e07ae1d63423) Importer(815301076,1909f56bfc062723c751e8b465ee728b)  -> (artifact id: '1297b454ddae53ec4fe92d7fe92cc114') in 0.011497 seconds
Number of updated asset objects reloaded before import = 0
Number of asset objects unloaded after import = 3
========================================================================
Received Import Request.
  Time since last request: 0.000022 seconds.
  path: Assets/HyD/DF game/Arts/Sprites/Enemy/03/Death/Death_26.png
  artifactKey: Guid(73342824c3dac264f9b60c7cf86a18ec) Importer(815301076,1909f56bfc062723c751e8b465ee728b)
Start importing Assets/HyD/DF game/Arts/Sprites/Enemy/03/Death/Death_26.png using Guid(73342824c3dac264f9b60c7cf86a18ec) Importer(815301076,1909f56bfc062723c751e8b465ee728b)  -> (artifact id: '4d19c876aea5cc37031bbd02aa104ba5') in 0.011786 seconds
Number of updated asset objects reloaded before import = 0
Number of asset objects unloaded after import = 3
========================================================================
Received Import Request.
  Time since last request: 0.000026 seconds.
  path: Assets/HyD/DF game/Arts/Sprites/Enemy/03/Death/Death_39.png
  artifactKey: Guid(14e69c5cb4228464bbe2125b51d6bee1) Importer(815301076,1909f56bfc062723c751e8b465ee728b)
Start importing Assets/HyD/DF game/Arts/Sprites/Enemy/03/Death/Death_39.png using Guid(14e69c5cb4228464bbe2125b51d6bee1) Importer(815301076,1909f56bfc062723c751e8b465ee728b)  -> (artifact id: '6215a4d3d4663818f0109fac4353edd2') in 0.011997 seconds
Number of updated asset objects reloaded before import = 0
Number of asset objects unloaded after import = 3
========================================================================
Received Import Request.
  Time since last request: 0.000019 seconds.
  path: Assets/HyD/DF game/Arts/Sprites/Enemy/03/Death/Death_38.png
  artifactKey: Guid(84d510b7e225d864ebe802ef26089471) Importer(815301076,1909f56bfc062723c751e8b465ee728b)
Start importing Assets/HyD/DF game/Arts/Sprites/Enemy/03/Death/Death_38.png using Guid(84d510b7e225d864ebe802ef26089471) Importer(815301076,1909f56bfc062723c751e8b465ee728b)  -> (artifact id: '31a00fd04ca5aa8f016c4f623e3e1566') in 0.013438 seconds
Number of updated asset objects reloaded before import = 0
Number of asset objects unloaded after import = 3
========================================================================
Received Import Request.
  Time since last request: 0.000017 seconds.
  path: Assets/HyD/DF game/Arts/Sprites/Enemy/03/Death/Death_37.png
  artifactKey: Guid(e35d04e6d64eb3d418320a86faee753b) Importer(815301076,1909f56bfc062723c751e8b465ee728b)
Start importing Assets/HyD/DF game/Arts/Sprites/Enemy/03/Death/Death_37.png using Guid(e35d04e6d64eb3d418320a86faee753b) Importer(815301076,1909f56bfc062723c751e8b465ee728b)  -> (artifact id: '78d019bb7000800a88657f321dc6a3c6') in 0.012360 seconds
Number of updated asset objects reloaded before import = 0
Number of asset objects unloaded after import = 3
========================================================================
Received Import Request.
  Time since last request: 0.000027 seconds.
  path: Assets/HyD/DF game/Arts/Sprites/Enemy/03/Death/Death_22.png
  artifactKey: Guid(e15fcb2e543afef4a938e4efe01bc58e) Importer(815301076,1909f56bfc062723c751e8b465ee728b)
Start importing Assets/HyD/DF game/Arts/Sprites/Enemy/03/Death/Death_22.png using Guid(e15fcb2e543afef4a938e4efe01bc58e) Importer(815301076,1909f56bfc062723c751e8b465ee728b)  -> (artifact id: '51a9c4b23ccdadf047492d68f75da56e') in 0.014072 seconds
Number of updated asset objects reloaded before import = 0
Number of asset objects unloaded after import = 3
========================================================================
Received Import Request.
  Time since last request: 0.000041 seconds.
  path: Assets/HyD/DF game/Arts/Sprites/Enemy/03/Death/Death_27.png
  artifactKey: Guid(3324edce9333c714687dbd5f838a70a9) Importer(815301076,1909f56bfc062723c751e8b465ee728b)
Start importing Assets/HyD/DF game/Arts/Sprites/Enemy/03/Death/Death_27.png using Guid(3324edce9333c714687dbd5f838a70a9) Importer(815301076,1909f56bfc062723c751e8b465ee728b)  -> (artifact id: 'be998b08b3bc74c44cfccf32fbf11781') in 0.011912 seconds
Number of updated asset objects reloaded before import = 0
Number of asset objects unloaded after import = 3
========================================================================
Received Import Request.
  Time since last request: 0.000057 seconds.
  path: Assets/HyD/DF game/Arts/Sprites/Enemy/03/Death/Death_36.png
  artifactKey: Guid(e2ebc1e2b1d00ca47aef4083d81d3593) Importer(815301076,1909f56bfc062723c751e8b465ee728b)
Start importing Assets/HyD/DF game/Arts/Sprites/Enemy/03/Death/Death_36.png using Guid(e2ebc1e2b1d00ca47aef4083d81d3593) Importer(815301076,1909f56bfc062723c751e8b465ee728b)  -> (artifact id: '866623e54a50e9efcee3ec1db02d2521') in 0.010301 seconds
Number of updated asset objects reloaded before import = 0
Number of asset objects unloaded after import = 3
========================================================================
Received Import Request.
  Time since last request: 0.000025 seconds.
  path: Assets/HyD/DF game/Arts/Sprites/Enemy/03/Death/Death_09.png
  artifactKey: Guid(6fc9424b4ffcf5f4a90b9a2f5df59e0e) Importer(815301076,1909f56bfc062723c751e8b465ee728b)
Start importing Assets/HyD/DF game/Arts/Sprites/Enemy/03/Death/Death_09.png using Guid(6fc9424b4ffcf5f4a90b9a2f5df59e0e) Importer(815301076,1909f56bfc062723c751e8b465ee728b)  -> (artifact id: 'a98abedc1dd3e90142430090e91bb04a') in 0.013295 seconds
Number of updated asset objects reloaded before import = 0
Number of asset objects unloaded after import = 3
========================================================================
Received Import Request.
  Time since last request: 0.000023 seconds.
  path: Assets/HyD/DF game/Arts/Sprites/Enemy/03/Death/Death_16.png
  artifactKey: Guid(3b250843364f8c14783de221b2292a18) Importer(815301076,1909f56bfc062723c751e8b465ee728b)
Start importing Assets/HyD/DF game/Arts/Sprites/Enemy/03/Death/Death_16.png using Guid(3b250843364f8c14783de221b2292a18) Importer(815301076,1909f56bfc062723c751e8b465ee728b)  -> (artifact id: '5235caf6d4fd35fcccbc927e76100414') in 0.013772 seconds
Number of updated asset objects reloaded before import = 0
Number of asset objects unloaded after import = 3
========================================================================
Received Import Request.
  Time since last request: 0.000021 seconds.
  path: Assets/HyD/DF game/Arts/Sprites/Enemy/03/Death/Death_23.png
  artifactKey: Guid(215ce6cf43d182f42b2bb3e561be0d72) Importer(815301076,1909f56bfc062723c751e8b465ee728b)
Start importing Assets/HyD/DF game/Arts/Sprites/Enemy/03/Death/Death_23.png using Guid(215ce6cf43d182f42b2bb3e561be0d72) Importer(815301076,1909f56bfc062723c751e8b465ee728b)  -> (artifact id: 'c765bc1931eb27250af0b8b63947c1ea') in 0.011861 seconds
Number of updated asset objects reloaded before import = 0
Number of asset objects unloaded after import = 3
========================================================================
Received Import Request.
  Time since last request: 0.000022 seconds.
  path: Assets/HyD/DF game/Arts/Sprites/Enemy/03/Death/Death_10.png
  artifactKey: Guid(2c056d7c54dbdc8418c92be01aecfca0) Importer(815301076,1909f56bfc062723c751e8b465ee728b)
Start importing Assets/HyD/DF game/Arts/Sprites/Enemy/03/Death/Death_10.png using Guid(2c056d7c54dbdc8418c92be01aecfca0) Importer(815301076,1909f56bfc062723c751e8b465ee728b)  -> (artifact id: 'a2749263671cc1dce6663a04ffbeda5d') in 0.012584 seconds
Number of updated asset objects reloaded before import = 0
Number of asset objects unloaded after import = 3
========================================================================
Received Import Request.
  Time since last request: 0.000023 seconds.
  path: Assets/HyD/DF game/Arts/Sprites/Enemy/03/Death/Death_05.png
  artifactKey: Guid(2db3476e097f9a44eb824856580b38bc) Importer(815301076,1909f56bfc062723c751e8b465ee728b)
Start importing Assets/HyD/DF game/Arts/Sprites/Enemy/03/Death/Death_05.png using Guid(2db3476e097f9a44eb824856580b38bc) Importer(815301076,1909f56bfc062723c751e8b465ee728b)  -> (artifact id: '767137a8eb49e35af5175d276c4c9643') in 0.013781 seconds
Number of updated asset objects reloaded before import = 0
Number of asset objects unloaded after import = 3
========================================================================
Received Import Request.
  Time since last request: 3.230487 seconds.
  path: Assets/HyD/DF game/Arts/Sprites/Enemy/03/Death/Death_40.png
  artifactKey: Guid(a0da6656be6a01b4c917041c924da773) Importer(815301076,1909f56bfc062723c751e8b465ee728b)
Start importing Assets/HyD/DF game/Arts/Sprites/Enemy/03/Death/Death_40.png using Guid(a0da6656be6a01b4c917041c924da773) Importer(815301076,1909f56bfc062723c751e8b465ee728b)  -> (artifact id: 'ea43b044cb066822150e966429eaf804') in 0.012094 seconds
Number of updated asset objects reloaded before import = 0
Number of asset objects unloaded after import = 3
========================================================================
Received Import Request.
  Time since last request: 0.000022 seconds.
  path: Assets/HyD/DF game/Arts/Sprites/Enemy/03/Death/Death_42.png
  artifactKey: Guid(2195efaa18338ae4d81951042f35b0a5) Importer(815301076,1909f56bfc062723c751e8b465ee728b)
Start importing Assets/HyD/DF game/Arts/Sprites/Enemy/03/Death/Death_42.png using Guid(2195efaa18338ae4d81951042f35b0a5) Importer(815301076,1909f56bfc062723c751e8b465ee728b)  -> (artifact id: '031759ddd5468696bb88c7ec920b81bf') in 0.013427 seconds
Number of updated asset objects reloaded before import = 0
Number of asset objects unloaded after import = 3
========================================================================
Received Import Request.
  Time since last request: 42.761750 seconds.
  path: Assets/HyD/DF game/Pre/Enemy/enemy3.prefab
  artifactKey: Guid(89e1514f3c191774299dd30a4968b54c) Importer(815301076,1909f56bfc062723c751e8b465ee728b)
Start importing Assets/HyD/DF game/Pre/Enemy/enemy3.prefab using Guid(89e1514f3c191774299dd30a4968b54c) Importer(815301076,1909f56bfc062723c751e8b465ee728b) The Animator Controller (enemy1) you have used is not valid. Animations will not play
UnityEngine.StackTraceUtility:ExtractStackTrace ()
UnityEditor.EditorUtility:Internal_InstantiateRemoveAllNonAnimationComponentsSingle (UnityEngine.Object,UnityEngine.Vector3,UnityEngine.Quaternion)
UnityEditor.EditorUtility:InstantiateRemoveAllNonAnimationComponents (UnityEngine.Object,UnityEngine.Vector3,UnityEngine.Quaternion)
UnityEditor.EditorUtility:InstantiateForAnimatorPreview (UnityEngine.Object)
UnityEditor.GameObjectInspector/PreviewData:UpdateGameObject (UnityEngine.Object)
UnityEditor.GameObjectInspector/PreviewData:.ctor (UnityEngine.Object,bool)
UnityEditor.GameObjectInspector:GetPreviewData (bool)
UnityEditor.GameObjectInspector:RenderStaticPreview (string,UnityEngine.Object[],int,int)
UnityEditor.AssetPreviewUpdater:CreatePreview (UnityEngine.Object,UnityEngine.Object[],string,int,int)
UnityEditor.AssetPreviewUpdater:CreatePreviewForAsset (UnityEngine.Object,UnityEngine.Object[],string)

[C:\build\output\unity\unity\Modules\Animation\Director\AnimatorControllerPlayable.cpp line 333]

 -> (artifact id: '31958ef5eca2831edbd2d19e01e8cd32') in 0.009626 seconds
Number of updated asset objects reloaded before import = 0
Number of asset objects unloaded after import = 9
========================================================================
Received Import Request.
  Time since last request: 176.862787 seconds.
  path: Assets/HyD/DF game/Arts/Animation/Enemy/enemy3
  artifactKey: Guid(21f86ac74d5fe7648a92180d57f70a31) Importer(815301076,1909f56bfc062723c751e8b465ee728b)
Start importing Assets/HyD/DF game/Arts/Animation/Enemy/enemy3 using Guid(21f86ac74d5fe7648a92180d57f70a31) Importer(815301076,1909f56bfc062723c751e8b465ee728b)  -> (artifact id: '50193a1128313d758c312f89fcc56bc4') in 0.001438 seconds
Number of updated asset objects reloaded before import = 0
Number of asset objects unloaded after import = 0
========================================================================
Received Import Request.
  Time since last request: 76.111162 seconds.
  path: Assets/HyD/DF game/Arts/Animation/Enemy/enemy1/enemy1 1.controller
  artifactKey: Guid(e632139038b32f24cb34c21c6237092d) Importer(815301076,1909f56bfc062723c751e8b465ee728b)
Start importing Assets/HyD/DF game/Arts/Animation/Enemy/enemy1/enemy1 1.controller using Guid(e632139038b32f24cb34c21c6237092d) Importer(815301076,1909f56bfc062723c751e8b465ee728b)  -> (artifact id: 'f537479f7d9b7e746fef4b339c135c07') in 0.001171 seconds
Number of updated asset objects reloaded before import = 0
Number of asset objects unloaded after import = 1
========================================================================
Received Import Request.
  Time since last request: 6.642222 seconds.
  path: Assets/HyD/DF game/Arts/Animation/Enemy/enemy1/Attack.anim
  artifactKey: Guid(2fba895f222a2b449aec1f155ec6dfcb) Importer(815301076,1909f56bfc062723c751e8b465ee728b)
Start importing Assets/HyD/DF game/Arts/Animation/Enemy/enemy1/Attack.anim using Guid(2fba895f222a2b449aec1f155ec6dfcb) Importer(815301076,1909f56bfc062723c751e8b465ee728b)  -> (artifact id: '37bcb94dceacdd4b53998e3b9e601f74') in 0.003350 seconds
Number of updated asset objects reloaded before import = 0
Number of asset objects unloaded after import = 1
========================================================================
Received Import Request.
  Time since last request: 88.348240 seconds.
  path: Assets/HyD/DF game/Arts/Sprites/Enemy/01/Attack/Attack_06.png
  artifactKey: Guid(ec80ca4ab62134c4caddaddaf46408e2) Importer(815301076,1909f56bfc062723c751e8b465ee728b)
Start importing Assets/HyD/DF game/Arts/Sprites/Enemy/01/Attack/Attack_06.png using Guid(ec80ca4ab62134c4caddaddaf46408e2) Importer(815301076,1909f56bfc062723c751e8b465ee728b)  -> (artifact id: 'f491d1cb47cf2933638469d53dcf6390') in 0.015281 seconds
Number of updated asset objects reloaded before import = 0
Number of asset objects unloaded after import = 3
========================================================================
Received Import Request.
  Time since last request: 0.000022 seconds.
  path: Assets/HyD/DF game/Arts/Sprites/Enemy/01/Attack/Attack_13.png
  artifactKey: Guid(8e358d7adc74cb84cb92f49165128256) Importer(815301076,1909f56bfc062723c751e8b465ee728b)
Start importing Assets/HyD/DF game/Arts/Sprites/Enemy/01/Attack/Attack_13.png using Guid(8e358d7adc74cb84cb92f49165128256) Importer(815301076,1909f56bfc062723c751e8b465ee728b)  -> (artifact id: '06aaa9c59c31e1eec79da109bb7b96af') in 0.011133 seconds
Number of updated asset objects reloaded before import = 0
Number of asset objects unloaded after import = 3
========================================================================
Received Import Request.
  Time since last request: 0.000030 seconds.
  path: Assets/HyD/DF game/Arts/Sprites/Enemy/01/Attack/Attack_11.png
  artifactKey: Guid(fe4e8279951a5844989ffd360ad97061) Importer(815301076,1909f56bfc062723c751e8b465ee728b)
Start importing Assets/HyD/DF game/Arts/Sprites/Enemy/01/Attack/Attack_11.png using Guid(fe4e8279951a5844989ffd360ad97061) Importer(815301076,1909f56bfc062723c751e8b465ee728b)  -> (artifact id: '721cffa75551130ff856b2d818535ae5') in 0.011466 seconds
Number of updated asset objects reloaded before import = 0
Number of asset objects unloaded after import = 3
========================================================================
Received Import Request.
  Time since last request: 0.000021 seconds.
  path: Assets/HyD/DF game/Arts/Sprites/Enemy/01/Attack/Attack_16.png
  artifactKey: Guid(c5ad44c90c95afa41b33814776772511) Importer(815301076,1909f56bfc062723c751e8b465ee728b)
Start importing Assets/HyD/DF game/Arts/Sprites/Enemy/01/Attack/Attack_16.png using Guid(c5ad44c90c95afa41b33814776772511) Importer(815301076,1909f56bfc062723c751e8b465ee728b)  -> (artifact id: '3165c4ab3c48029c35b93865132af55a') in 0.012686 seconds
Number of updated asset objects reloaded before import = 0
Number of asset objects unloaded after import = 3
========================================================================
Received Import Request.
  Time since last request: 0.000018 seconds.
  path: Assets/HyD/DF game/Arts/Sprites/Enemy/01/Attack/Attack_19.png
  artifactKey: Guid(d442adb89306fab4a9f074030ea68746) Importer(815301076,1909f56bfc062723c751e8b465ee728b)
Start importing Assets/HyD/DF game/Arts/Sprites/Enemy/01/Attack/Attack_19.png using Guid(d442adb89306fab4a9f074030ea68746) Importer(815301076,1909f56bfc062723c751e8b465ee728b)  -> (artifact id: '436ca77f0a91e1be4e84aec077b9299e') in 0.011571 seconds
Number of updated asset objects reloaded before import = 0
Number of asset objects unloaded after import = 3
========================================================================
Received Import Request.
  Time since last request: 23.751030 seconds.
  path: Assets/HyD/DF game/Arts/Sprites/Enemy/01/Death/Death_01.png
  artifactKey: Guid(32a2bda37633abd40b3e99ff0e4a15db) Importer(815301076,1909f56bfc062723c751e8b465ee728b)
Start importing Assets/HyD/DF game/Arts/Sprites/Enemy/01/Death/Death_01.png using Guid(32a2bda37633abd40b3e99ff0e4a15db) Importer(815301076,1909f56bfc062723c751e8b465ee728b)  -> (artifact id: '8898ba0d8a2b5b169b031bf02f40d33d') in 0.010966 seconds
Number of updated asset objects reloaded before import = 0
Number of asset objects unloaded after import = 3
========================================================================
Received Import Request.
  Time since last request: 0.000025 seconds.
  path: Assets/HyD/DF game/Arts/Sprites/Enemy/01/Death/Death_05.png
  artifactKey: Guid(0bb14ab8fd505344a8a94c166bfbb068) Importer(815301076,1909f56bfc062723c751e8b465ee728b)
Start importing Assets/HyD/DF game/Arts/Sprites/Enemy/01/Death/Death_05.png using Guid(0bb14ab8fd505344a8a94c166bfbb068) Importer(815301076,1909f56bfc062723c751e8b465ee728b)  -> (artifact id: '0978b46ea7b33c729c682174eb024b50') in 0.010902 seconds
Number of updated asset objects reloaded before import = 0
Number of asset objects unloaded after import = 3
========================================================================
Received Import Request.
  Time since last request: 0.000023 seconds.
  path: Assets/HyD/DF game/Arts/Sprites/Enemy/01/Death/Death_16.png
  artifactKey: Guid(cbb2534c9c92f6541b7c6c8178d87629) Importer(815301076,1909f56bfc062723c751e8b465ee728b)
Start importing Assets/HyD/DF game/Arts/Sprites/Enemy/01/Death/Death_16.png using Guid(cbb2534c9c92f6541b7c6c8178d87629) Importer(815301076,1909f56bfc062723c751e8b465ee728b)  -> (artifact id: '67461f3c8db6749ae3bfcfc5c9dd4783') in 0.010445 seconds
Number of updated asset objects reloaded before import = 0
Number of asset objects unloaded after import = 3
========================================================================
Received Import Request.
  Time since last request: 0.000033 seconds.
  path: Assets/HyD/DF game/Arts/Sprites/Enemy/01/Death/Death_03.png
  artifactKey: Guid(bc61922fbd6a3dd4fb2acd7b4fbc6bf1) Importer(815301076,1909f56bfc062723c751e8b465ee728b)
Start importing Assets/HyD/DF game/Arts/Sprites/Enemy/01/Death/Death_03.png using Guid(bc61922fbd6a3dd4fb2acd7b4fbc6bf1) Importer(815301076,1909f56bfc062723c751e8b465ee728b)  -> (artifact id: '6a66534581c939e6d300cc70fc71a856') in 0.010693 seconds
Number of updated asset objects reloaded before import = 0
Number of asset objects unloaded after import = 3
========================================================================
Received Import Request.
  Time since last request: 0.000021 seconds.
  path: Assets/HyD/DF game/Arts/Sprites/Enemy/01/Death/Death_14.png
  artifactKey: Guid(e5884e81e42787a42be3d40896a9f440) Importer(815301076,1909f56bfc062723c751e8b465ee728b)
Start importing Assets/HyD/DF game/Arts/Sprites/Enemy/01/Death/Death_14.png using Guid(e5884e81e42787a42be3d40896a9f440) Importer(815301076,1909f56bfc062723c751e8b465ee728b)  -> (artifact id: '8ac8d7cbba2a8d06e5e734633e411ac4') in 0.011139 seconds
Number of updated asset objects reloaded before import = 0
Number of asset objects unloaded after import = 3
========================================================================
Received Import Request.
  Time since last request: 0.000022 seconds.
  path: Assets/HyD/DF game/Arts/Sprites/Enemy/01/Death/Death_12.png
  artifactKey: Guid(6b9487d445d854241bf3840905f2bb98) Importer(815301076,1909f56bfc062723c751e8b465ee728b)
Start importing Assets/HyD/DF game/Arts/Sprites/Enemy/01/Death/Death_12.png using Guid(6b9487d445d854241bf3840905f2bb98) Importer(815301076,1909f56bfc062723c751e8b465ee728b)  -> (artifact id: '8520f297bd56fbca40cf60f4732901d8') in 0.009806 seconds
Number of updated asset objects reloaded before import = 0
Number of asset objects unloaded after import = 3
========================================================================
Received Import Request.
  Time since last request: 0.000013 seconds.
  path: Assets/HyD/DF game/Arts/Sprites/Enemy/01/Death/Death_17.png
  artifactKey: Guid(584c5774b9ffe7c4f8ed998b472600e0) Importer(815301076,1909f56bfc062723c751e8b465ee728b)
Start importing Assets/HyD/DF game/Arts/Sprites/Enemy/01/Death/Death_17.png using Guid(584c5774b9ffe7c4f8ed998b472600e0) Importer(815301076,1909f56bfc062723c751e8b465ee728b)  -> (artifact id: '0782c5bd90168170ea2be3cf17854635') in 0.010986 seconds
Number of updated asset objects reloaded before import = 0
Number of asset objects unloaded after import = 3
========================================================================
Received Import Request.
  Time since last request: 0.000015 seconds.
  path: Assets/HyD/DF game/Arts/Sprites/Enemy/01/Death/Death_09.png
  artifactKey: Guid(f576e1088ac6f2a4c936e1fb33af1b12) Importer(815301076,1909f56bfc062723c751e8b465ee728b)
Start importing Assets/HyD/DF game/Arts/Sprites/Enemy/01/Death/Death_09.png using Guid(f576e1088ac6f2a4c936e1fb33af1b12) Importer(815301076,1909f56bfc062723c751e8b465ee728b)  -> (artifact id: 'fd8278b833dca07e507b2d6dbbb8a8b4') in 0.008864 seconds
Number of updated asset objects reloaded before import = 0
Number of asset objects unloaded after import = 3
========================================================================
Received Import Request.
  Time since last request: 0.000016 seconds.
  path: Assets/HyD/DF game/Arts/Sprites/Enemy/01/Death/Death_18.png
  artifactKey: Guid(fd5cce6abf7c4fd498aa2ac836485017) Importer(815301076,1909f56bfc062723c751e8b465ee728b)
Start importing Assets/HyD/DF game/Arts/Sprites/Enemy/01/Death/Death_18.png using Guid(fd5cce6abf7c4fd498aa2ac836485017) Importer(815301076,1909f56bfc062723c751e8b465ee728b)  -> (artifact id: '8d20f5c1ae44b3114159a0f80b677106') in 0.009335 seconds
Number of updated asset objects reloaded before import = 0
Number of asset objects unloaded after import = 3
========================================================================
Received Import Request.
  Time since last request: 0.000022 seconds.
  path: Assets/HyD/DF game/Arts/Sprites/Enemy/01/Death/Death_13.png
  artifactKey: Guid(6ee934ebd8eb8344eaaa9dc54b0f1d13) Importer(815301076,1909f56bfc062723c751e8b465ee728b)
Start importing Assets/HyD/DF game/Arts/Sprites/Enemy/01/Death/Death_13.png using Guid(6ee934ebd8eb8344eaaa9dc54b0f1d13) Importer(815301076,1909f56bfc062723c751e8b465ee728b)  -> (artifact id: 'fd9480c230a76bdd0ecd60aa497b0086') in 0.012182 seconds
Number of updated asset objects reloaded before import = 0
Number of asset objects unloaded after import = 3
========================================================================
Received Import Request.
  Time since last request: 24.261556 seconds.
  path: Assets/HyD/DF game/Pre/Enemy/enemy1.prefab
  artifactKey: Guid(0805f0daf84ebdc479ce75aa914662da) Importer(815301076,1909f56bfc062723c751e8b465ee728b)
Start importing Assets/HyD/DF game/Pre/Enemy/enemy1.prefab using Guid(0805f0daf84ebdc479ce75aa914662da) Importer(815301076,1909f56bfc062723c751e8b465ee728b) The Animator Controller (enemy1) you have used is not valid. Animations will not play
UnityEngine.StackTraceUtility:ExtractStackTrace ()
UnityEditor.EditorUtility:Internal_InstantiateRemoveAllNonAnimationComponentsSingle (UnityEngine.Object,UnityEngine.Vector3,UnityEngine.Quaternion)
UnityEditor.EditorUtility:InstantiateRemoveAllNonAnimationComponents (UnityEngine.Object,UnityEngine.Vector3,UnityEngine.Quaternion)
UnityEditor.EditorUtility:InstantiateForAnimatorPreview (UnityEngine.Object)
UnityEditor.GameObjectInspector/PreviewData:UpdateGameObject (UnityEngine.Object)
UnityEditor.GameObjectInspector/PreviewData:.ctor (UnityEngine.Object,bool)
UnityEditor.GameObjectInspector:GetPreviewData (bool)
UnityEditor.GameObjectInspector:RenderStaticPreview (string,UnityEngine.Object[],int,int)
UnityEditor.AssetPreviewUpdater:CreatePreview (UnityEngine.Object,UnityEngine.Object[],string,int,int)
UnityEditor.AssetPreviewUpdater:CreatePreviewForAsset (UnityEngine.Object,UnityEngine.Object[],string)

[C:\build\output\unity\unity\Modules\Animation\Director\AnimatorControllerPlayable.cpp line 333]

 -> (artifact id: '9104144199ad9177536bcb8b9a0b76ba') in 0.008701 seconds
Number of updated asset objects reloaded before import = 0
Number of asset objects unloaded after import = 9
========================================================================
Received Import Request.
  Time since last request: 10.282114 seconds.
  path: Assets/HyD/DF game/Arts/Sprites/Enemy/02/Walk
  artifactKey: Guid(b44ef7d4e35b3834391dc91985e0797d) Importer(815301076,1909f56bfc062723c751e8b465ee728b)
Start importing Assets/HyD/DF game/Arts/Sprites/Enemy/02/Walk using Guid(b44ef7d4e35b3834391dc91985e0797d) Importer(815301076,1909f56bfc062723c751e8b465ee728b)  -> (artifact id: '9610600911b9dafcf1160ae00701c721') in 0.000684 seconds
Number of updated asset objects reloaded before import = 0
Number of asset objects unloaded after import = 0
========================================================================
Received Import Request.
  Time since last request: 107.505718 seconds.
  path: Assets/HyD/DF game/Arts/Sprites/Enemy/02/Attack/Attack_06.png
  artifactKey: Guid(bfecf95affdb6f24ca1d55c60e695b43) Importer(815301076,1909f56bfc062723c751e8b465ee728b)
Start importing Assets/HyD/DF game/Arts/Sprites/Enemy/02/Attack/Attack_06.png using Guid(bfecf95affdb6f24ca1d55c60e695b43) Importer(815301076,1909f56bfc062723c751e8b465ee728b)  -> (artifact id: '790870a8140f1c0ea3f95eff51d628d8') in 0.013082 seconds
Number of updated asset objects reloaded before import = 0
Number of asset objects unloaded after import = 3
========================================================================
Received Import Request.
  Time since last request: 0.000021 seconds.
  path: Assets/HyD/DF game/Arts/Sprites/Enemy/02/Attack/Attack_16.png
  artifactKey: Guid(4fc30a730a576df4b994600edaf13bcf) Importer(815301076,1909f56bfc062723c751e8b465ee728b)
Start importing Assets/HyD/DF game/Arts/Sprites/Enemy/02/Attack/Attack_16.png using Guid(4fc30a730a576df4b994600edaf13bcf) Importer(815301076,1909f56bfc062723c751e8b465ee728b)  -> (artifact id: '48d0e63df02156a9fd56e986c6185eba') in 0.011801 seconds
Number of updated asset objects reloaded before import = 0
Number of asset objects unloaded after import = 3
========================================================================
Received Import Request.
  Time since last request: 0.000024 seconds.
  path: Assets/HyD/DF game/Arts/Sprites/Enemy/02/Attack/Attack_21.png
  artifactKey: Guid(a7bde1c44dec07445a13fbaae1f429e7) Importer(815301076,1909f56bfc062723c751e8b465ee728b)
Start importing Assets/HyD/DF game/Arts/Sprites/Enemy/02/Attack/Attack_21.png using Guid(a7bde1c44dec07445a13fbaae1f429e7) Importer(815301076,1909f56bfc062723c751e8b465ee728b)  -> (artifact id: 'dd824f9ed54468c57de2aec342f3df92') in 0.012776 seconds
Number of updated asset objects reloaded before import = 0
Number of asset objects unloaded after import = 3
========================================================================
Received Import Request.
  Time since last request: 0.000019 seconds.
  path: Assets/HyD/DF game/Arts/Sprites/Enemy/02/Attack/Attack_09.png
  artifactKey: Guid(19bed8a747f757946a692724616e4b28) Importer(815301076,1909f56bfc062723c751e8b465ee728b)
Start importing Assets/HyD/DF game/Arts/Sprites/Enemy/02/Attack/Attack_09.png using Guid(19bed8a747f757946a692724616e4b28) Importer(815301076,1909f56bfc062723c751e8b465ee728b)  -> (artifact id: '01f744c08610c7e1717b9bbc22d1e9d0') in 0.014307 seconds
Number of updated asset objects reloaded before import = 0
Number of asset objects unloaded after import = 3
========================================================================
Received Import Request.
  Time since last request: 0.000028 seconds.
  path: Assets/HyD/DF game/Arts/Sprites/Enemy/02/Attack/Attack_14.png
  artifactKey: Guid(6df5e685c44df4245831de2110ac711d) Importer(815301076,1909f56bfc062723c751e8b465ee728b)
Start importing Assets/HyD/DF game/Arts/Sprites/Enemy/02/Attack/Attack_14.png using Guid(6df5e685c44df4245831de2110ac711d) Importer(815301076,1909f56bfc062723c751e8b465ee728b)  -> (artifact id: '6406326eacb4aed622cf05ac5b159b6c') in 0.016040 seconds
Number of updated asset objects reloaded before import = 0
Number of asset objects unloaded after import = 3
========================================================================
Received Import Request.
  Time since last request: 0.000028 seconds.
  path: Assets/HyD/DF game/Arts/Sprites/Enemy/02/Attack/Attack_19.png
  artifactKey: Guid(9e2f9fba5e099064384fce30856dfc9b) Importer(815301076,1909f56bfc062723c751e8b465ee728b)
Start importing Assets/HyD/DF game/Arts/Sprites/Enemy/02/Attack/Attack_19.png using Guid(9e2f9fba5e099064384fce30856dfc9b) Importer(815301076,1909f56bfc062723c751e8b465ee728b)  -> (artifact id: '155ddbd816aa06fc36463b53c834267b') in 0.014901 seconds
Number of updated asset objects reloaded before import = 0
Number of asset objects unloaded after import = 3
========================================================================
Received Import Request.
  Time since last request: 44.870580 seconds.
  path: Assets/HyD/DF game/Arts/Sprites/Enemy/02/Death/Death_01.png
  artifactKey: Guid(066bd9f29fc6c214da4e847ce7547814) Importer(815301076,1909f56bfc062723c751e8b465ee728b)
Start importing Assets/HyD/DF game/Arts/Sprites/Enemy/02/Death/Death_01.png using Guid(066bd9f29fc6c214da4e847ce7547814) Importer(815301076,1909f56bfc062723c751e8b465ee728b)  -> (artifact id: 'aec31d3343045ccc5b13f76036f5b1c2') in 0.013557 seconds
Number of updated asset objects reloaded before import = 0
Number of asset objects unloaded after import = 3
========================================================================
Received Import Request.
  Time since last request: 0.000023 seconds.
  path: Assets/HyD/DF game/Arts/Sprites/Enemy/02/Death/Death_04.png
  artifactKey: Guid(b45aa0e309978a34b8db34f3971c48a2) Importer(815301076,1909f56bfc062723c751e8b465ee728b)
Start importing Assets/HyD/DF game/Arts/Sprites/Enemy/02/Death/Death_04.png using Guid(b45aa0e309978a34b8db34f3971c48a2) Importer(815301076,1909f56bfc062723c751e8b465ee728b)  -> (artifact id: 'c6e35154373f310dd98651e431c7c3cd') in 0.011505 seconds
Number of updated asset objects reloaded before import = 0
Number of asset objects unloaded after import = 3
========================================================================
Received Import Request.
  Time since last request: 0.000020 seconds.
  path: Assets/HyD/DF game/Arts/Sprites/Enemy/02/Death/Death_15.png
  artifactKey: Guid(47b4541a406a33c428c75b16460749cc) Importer(815301076,1909f56bfc062723c751e8b465ee728b)
Start importing Assets/HyD/DF game/Arts/Sprites/Enemy/02/Death/Death_15.png using Guid(47b4541a406a33c428c75b16460749cc) Importer(815301076,1909f56bfc062723c751e8b465ee728b)  -> (artifact id: '7c89f3a7ec4c3c90b440e916d97e6fb5') in 0.010390 seconds
Number of updated asset objects reloaded before import = 0
Number of asset objects unloaded after import = 3
========================================================================
Received Import Request.
  Time since last request: 0.000016 seconds.
  path: Assets/HyD/DF game/Arts/Sprites/Enemy/02/Death/Death_29.png
  artifactKey: Guid(41f9abb7b651f4f45ab432e7b1687d5c) Importer(815301076,1909f56bfc062723c751e8b465ee728b)
Start importing Assets/HyD/DF game/Arts/Sprites/Enemy/02/Death/Death_29.png using Guid(41f9abb7b651f4f45ab432e7b1687d5c) Importer(815301076,1909f56bfc062723c751e8b465ee728b)  -> (artifact id: '0f6d7effc6d47d175eafc3ccaf62ab1c') in 0.010878 seconds
Number of updated asset objects reloaded before import = 0
Number of asset objects unloaded after import = 3
========================================================================
Received Import Request.
  Time since last request: 0.000016 seconds.
  path: Assets/HyD/DF game/Arts/Sprites/Enemy/02/Death/Death_39.png
  artifactKey: Guid(93c7db71dac6faf438bd5dd0fdbbf68d) Importer(815301076,1909f56bfc062723c751e8b465ee728b)
Start importing Assets/HyD/DF game/Arts/Sprites/Enemy/02/Death/Death_39.png using Guid(93c7db71dac6faf438bd5dd0fdbbf68d) Importer(815301076,1909f56bfc062723c751e8b465ee728b)  -> (artifact id: '0835f61f00fe9153978df9ba416235ca') in 0.010340 seconds
Number of updated asset objects reloaded before import = 0
Number of asset objects unloaded after import = 3
========================================================================
Received Import Request.
  Time since last request: 0.000019 seconds.
  path: Assets/HyD/DF game/Arts/Sprites/Enemy/02/Death/Death_21.png
  artifactKey: Guid(cb28b592e5eba184aaf033fc07241003) Importer(815301076,1909f56bfc062723c751e8b465ee728b)
Start importing Assets/HyD/DF game/Arts/Sprites/Enemy/02/Death/Death_21.png using Guid(cb28b592e5eba184aaf033fc07241003) Importer(815301076,1909f56bfc062723c751e8b465ee728b)  -> (artifact id: '5a74f3011269325a57bca897134bcd23') in 0.014314 seconds
Number of updated asset objects reloaded before import = 0
Number of asset objects unloaded after import = 3
========================================================================
Received Import Request.
  Time since last request: 0.000030 seconds.
  path: Assets/HyD/DF game/Arts/Sprites/Enemy/02/Death/Death_25.png
  artifactKey: Guid(a53c2e08d7a15e94290bffc9011006fd) Importer(815301076,1909f56bfc062723c751e8b465ee728b)
Start importing Assets/HyD/DF game/Arts/Sprites/Enemy/02/Death/Death_25.png using Guid(a53c2e08d7a15e94290bffc9011006fd) Importer(815301076,1909f56bfc062723c751e8b465ee728b)  -> (artifact id: '56abefd91c558a215f35348e0b47fad1') in 0.010446 seconds
Number of updated asset objects reloaded before import = 0
Number of asset objects unloaded after import = 3
========================================================================
Received Import Request.
  Time since last request: 0.000032 seconds.
  path: Assets/HyD/DF game/Arts/Sprites/Enemy/02/Death/Death_13.png
  artifactKey: Guid(a98e8d3dca995ad4a93c441595305637) Importer(815301076,1909f56bfc062723c751e8b465ee728b)
Start importing Assets/HyD/DF game/Arts/Sprites/Enemy/02/Death/Death_13.png using Guid(a98e8d3dca995ad4a93c441595305637) Importer(815301076,1909f56bfc062723c751e8b465ee728b)  -> (artifact id: 'd66309f7075e71e83f191de8b6d8ddd4') in 0.011510 seconds
Number of updated asset objects reloaded before import = 0
Number of asset objects unloaded after import = 3
========================================================================
Received Import Request.
  Time since last request: 0.000016 seconds.
  path: Assets/HyD/DF game/Arts/Sprites/Enemy/02/Death/Death_14.png
  artifactKey: Guid(06d2245f0ac282045ac4d1e5e612b446) Importer(815301076,1909f56bfc062723c751e8b465ee728b)
Start importing Assets/HyD/DF game/Arts/Sprites/Enemy/02/Death/Death_14.png using Guid(06d2245f0ac282045ac4d1e5e612b446) Importer(815301076,1909f56bfc062723c751e8b465ee728b)  -> (artifact id: 'e629b33e79b681a22acd26908b5889c9') in 0.011884 seconds
Number of updated asset objects reloaded before import = 0
Number of asset objects unloaded after import = 3
========================================================================
Received Import Request.
  Time since last request: 0.000021 seconds.
  path: Assets/HyD/DF game/Arts/Sprites/Enemy/02/Death/Death_08.png
  artifactKey: Guid(bc0fe052bd4edd64799b981b7e204457) Importer(815301076,1909f56bfc062723c751e8b465ee728b)
Start importing Assets/HyD/DF game/Arts/Sprites/Enemy/02/Death/Death_08.png using Guid(bc0fe052bd4edd64799b981b7e204457) Importer(815301076,1909f56bfc062723c751e8b465ee728b)  -> (artifact id: '618945cf9c7d4f0578213599fd0650be') in 0.011434 seconds
Number of updated asset objects reloaded before import = 0
Number of asset objects unloaded after import = 3
========================================================================
Received Import Request.
  Time since last request: 0.000020 seconds.
  path: Assets/HyD/DF game/Arts/Sprites/Enemy/02/Death/Death_36.png
  artifactKey: Guid(5a0888fdc6284be4f93cec7379ef8cd9) Importer(815301076,1909f56bfc062723c751e8b465ee728b)
Start importing Assets/HyD/DF game/Arts/Sprites/Enemy/02/Death/Death_36.png using Guid(5a0888fdc6284be4f93cec7379ef8cd9) Importer(815301076,1909f56bfc062723c751e8b465ee728b)  -> (artifact id: 'bb42c156e0c8f438f030f0baca46f8fa') in 0.010917 seconds
Number of updated asset objects reloaded before import = 0
Number of asset objects unloaded after import = 3
========================================================================
Received Import Request.
  Time since last request: 0.000015 seconds.
  path: Assets/HyD/DF game/Arts/Sprites/Enemy/02/Death/Death_26.png
  artifactKey: Guid(b05edaad10f49054c9c5610e8b7de514) Importer(815301076,1909f56bfc062723c751e8b465ee728b)
Start importing Assets/HyD/DF game/Arts/Sprites/Enemy/02/Death/Death_26.png using Guid(b05edaad10f49054c9c5610e8b7de514) Importer(815301076,1909f56bfc062723c751e8b465ee728b)  -> (artifact id: 'd98c613d633e970f39c9d3ae2271c5ff') in 0.010884 seconds
Number of updated asset objects reloaded before import = 0
Number of asset objects unloaded after import = 3
========================================================================
Received Import Request.
  Time since last request: 0.000017 seconds.
  path: Assets/HyD/DF game/Arts/Sprites/Enemy/02/Death/Death_09.png
  artifactKey: Guid(60c26ab99355e864ba94a08ecbb25b9a) Importer(815301076,1909f56bfc062723c751e8b465ee728b)
Start importing Assets/HyD/DF game/Arts/Sprites/Enemy/02/Death/Death_09.png using Guid(60c26ab99355e864ba94a08ecbb25b9a) Importer(815301076,1909f56bfc062723c751e8b465ee728b)  -> (artifact id: 'c4328959c4de44235754a90d3980613b') in 0.013812 seconds
Number of updated asset objects reloaded before import = 0
Number of asset objects unloaded after import = 3
========================================================================
Received Import Request.
  Time since last request: 0.000018 seconds.
  path: Assets/HyD/DF game/Arts/Sprites/Enemy/02/Death/Death_17.png
  artifactKey: Guid(552d4edeec2e5144989ba99bc27dc1a7) Importer(815301076,1909f56bfc062723c751e8b465ee728b)
Start importing Assets/HyD/DF game/Arts/Sprites/Enemy/02/Death/Death_17.png using Guid(552d4edeec2e5144989ba99bc27dc1a7) Importer(815301076,1909f56bfc062723c751e8b465ee728b)  -> (artifact id: '21c0f5e9c63fb77ef1ad19fe83f8096c') in 0.010147 seconds
Number of updated asset objects reloaded before import = 0
Number of asset objects unloaded after import = 3
========================================================================
Received Import Request.
  Time since last request: 0.000024 seconds.
  path: Assets/HyD/DF game/Arts/Sprites/Enemy/02/Death/Death_38.png
  artifactKey: Guid(e73eead2de3b0b74394fd5297b955119) Importer(815301076,1909f56bfc062723c751e8b465ee728b)
Start importing Assets/HyD/DF game/Arts/Sprites/Enemy/02/Death/Death_38.png using Guid(e73eead2de3b0b74394fd5297b955119) Importer(815301076,1909f56bfc062723c751e8b465ee728b)  -> (artifact id: 'ac42e8130e3675a73873a439073fdf24') in 0.009987 seconds
Number of updated asset objects reloaded before import = 0
Number of asset objects unloaded after import = 3
========================================================================
Received Import Request.
  Time since last request: 1.481700 seconds.
  path: Assets/HyD/DF game/Arts/Sprites/Enemy/02/Death/Death_40.png
  artifactKey: Guid(48b3da636c801e64fb9e8f02eac7802e) Importer(815301076,1909f56bfc062723c751e8b465ee728b)
Start importing Assets/HyD/DF game/Arts/Sprites/Enemy/02/Death/Death_40.png using Guid(48b3da636c801e64fb9e8f02eac7802e) Importer(815301076,1909f56bfc062723c751e8b465ee728b)  -> (artifact id: 'f94c177c949f79dc1b8c0b80e53281c1') in 0.012837 seconds
Number of updated asset objects reloaded before import = 0
Number of asset objects unloaded after import = 3
========================================================================
Received Import Request.
  Time since last request: 0.000024 seconds.
  path: Assets/HyD/DF game/Arts/Sprites/Enemy/02/Death/Death_43.png
  artifactKey: Guid(5c2a51472b759ac489b6f9c293d40090) Importer(815301076,1909f56bfc062723c751e8b465ee728b)
Start importing Assets/HyD/DF game/Arts/Sprites/Enemy/02/Death/Death_43.png using Guid(5c2a51472b759ac489b6f9c293d40090) Importer(815301076,1909f56bfc062723c751e8b465ee728b)  -> (artifact id: 'c6f4c7f6ee46bd054a3293bd6f25e0df') in 0.012419 seconds
Number of updated asset objects reloaded before import = 0
Number of asset objects unloaded after import = 3
========================================================================
Received Import Request.
  Time since last request: 18.798047 seconds.
  path: Assets/HyD/DF game/Pre/Enemy/enemy2.prefab
  artifactKey: Guid(7612299bdcbab784a8b683f38408246d) Importer(815301076,1909f56bfc062723c751e8b465ee728b)
Start importing Assets/HyD/DF game/Pre/Enemy/enemy2.prefab using Guid(7612299bdcbab784a8b683f38408246d) Importer(815301076,1909f56bfc062723c751e8b465ee728b) The Animator Controller (enemy2) you have used is not valid. Animations will not play
UnityEngine.StackTraceUtility:ExtractStackTrace ()
UnityEditor.EditorUtility:Internal_InstantiateRemoveAllNonAnimationComponentsSingle (UnityEngine.Object,UnityEngine.Vector3,UnityEngine.Quaternion)
UnityEditor.EditorUtility:InstantiateRemoveAllNonAnimationComponents (UnityEngine.Object,UnityEngine.Vector3,UnityEngine.Quaternion)
UnityEditor.EditorUtility:InstantiateForAnimatorPreview (UnityEngine.Object)
UnityEditor.GameObjectInspector/PreviewData:UpdateGameObject (UnityEngine.Object)
UnityEditor.GameObjectInspector/PreviewData:.ctor (UnityEngine.Object,bool)
UnityEditor.GameObjectInspector:GetPreviewData (bool)
UnityEditor.GameObjectInspector:RenderStaticPreview (string,UnityEngine.Object[],int,int)
UnityEditor.AssetPreviewUpdater:CreatePreview (UnityEngine.Object,UnityEngine.Object[],string,int,int)
UnityEditor.AssetPreviewUpdater:CreatePreviewForAsset (UnityEngine.Object,UnityEngine.Object[],string)

[C:\build\output\unity\unity\Modules\Animation\Director\AnimatorControllerPlayable.cpp line 333]

 -> (artifact id: 'd4399b6509ffb4443faf8f8aff00c32c') in 0.009258 seconds
Number of updated asset objects reloaded before import = 0
Number of asset objects unloaded after import = 9
